[NX Daemon Server] - 2023-11-09T06:53:17.932Z - Started listening on: /tmp/647c8209db067fac6464/d.sock
[NX Daemon Server] - 2023-11-09T06:53:17.935Z - [WATCHER]: Subscribed to changes within: /home/mitch/mitchs-website-analog (native)
[NX Daemon Server] - 2023-11-09T06:53:17.942Z - Established a connection. Number of open connections: 1
[NX Daemon Server] - 2023-11-09T06:53:17.943Z - Established a connection. Number of open connections: 2
[NX Daemon Server] - 2023-11-09T06:53:17.945Z - [REQUEST]: Client Request for Project Graph Received
[NX Daemon Server] - 2023-11-09T06:53:17.999Z - [REQUEST]: Updated file-hasher based on watched changes, recomputing project graph...
[NX Daemon Server] - 2023-11-09T06:53:17.999Z - [REQUEST]: 
[NX Daemon Server] - 2023-11-09T06:53:17.999Z - [REQUEST]: 
[NX Daemon Server] - 2023-11-09T06:53:18.140Z - [REQUEST]: Responding to the client. project-graph
[NX Daemon Server] - 2023-11-09T06:53:18.142Z - Time taken for 'total for creating and serializing project graph' 195.1192850023508ms
[NX Daemon Server] - 2023-11-09T06:53:18.142Z - Closed a connection. Number of open connections: 1
[NX Daemon Server] - 2023-11-09T06:53:18.143Z - Done responding to the client project-graph
[NX Daemon Server] - 2023-11-09T06:53:18.143Z - Handled REQUEST_PROJECT_GRAPH. Handling time: 195. Response time: 3.
[NX Daemon Server] - 2023-11-09T06:53:18.220Z - [REQUEST]: Responding to the client. handleHashTasks
[NX Daemon Server] - 2023-11-09T06:53:18.220Z - Done responding to the client handleHashTasks
[NX Daemon Server] - 2023-11-09T06:53:18.220Z - Handled HASH_TASKS. Handling time: 43. Response time: 0.
[NX Daemon Server] - 2023-11-09T06:53:19.720Z - [WATCHER]: Processing file changes in outputs
[NX Daemon Server] - 2023-11-09T06:53:19.771Z - [WATCHER]: Processing file changes in outputs
[NX Daemon Server] - 2023-11-09T06:53:19.823Z - [WATCHER]: Processing file changes in outputs
[NX Daemon Server] - 2023-11-09T06:53:19.875Z - [WATCHER]: Processing file changes in outputs
[NX Daemon Server] - 2023-11-09T06:53:19.926Z - [WATCHER]: Processing file changes in outputs
[NX Daemon Server] - 2023-11-09T06:53:19.978Z - [WATCHER]: Processing file changes in outputs
[NX Daemon Server] - 2023-11-09T06:53:20.029Z - [WATCHER]: Processing file changes in outputs
[NX Daemon Server] - 2023-11-09T06:53:20.081Z - [WATCHER]: Processing file changes in outputs
[NX Daemon Server] - 2023-11-09T06:53:20.132Z - [WATCHER]: Processing file changes in outputs
[NX Daemon Server] - 2023-11-09T06:53:20.183Z - [WATCHER]: Processing file changes in outputs
[NX Daemon Server] - 2023-11-09T06:53:20.235Z - [WATCHER]: Processing file changes in outputs
[NX Daemon Server] - 2023-11-09T06:53:20.287Z - [WATCHER]: Processing file changes in outputs
[NX Daemon Server] - 2023-11-09T06:53:20.338Z - [WATCHER]: Processing file changes in outputs
[NX Daemon Server] - 2023-11-09T06:53:20.390Z - [WATCHER]: Processing file changes in outputs
[NX Daemon Server] - 2023-11-09T06:53:20.441Z - [WATCHER]: Processing file changes in outputs
[NX Daemon Server] - 2023-11-09T06:53:20.493Z - [WATCHER]: Processing file changes in outputs
[NX Daemon Server] - 2023-11-09T06:53:20.544Z - [WATCHER]: Processing file changes in outputs
[NX Daemon Server] - 2023-11-09T06:53:20.596Z - [WATCHER]: Processing file changes in outputs
[NX Daemon Server] - 2023-11-09T06:53:20.648Z - [WATCHER]: Processing file changes in outputs
[NX Daemon Server] - 2023-11-09T06:53:20.699Z - [WATCHER]: Processing file changes in outputs
[NX Daemon Server] - 2023-11-09T06:53:20.751Z - [WATCHER]: Processing file changes in outputs
[NX Daemon Server] - 2023-11-09T06:53:20.803Z - [WATCHER]: Processing file changes in outputs
[NX Daemon Server] - 2023-11-09T06:53:20.854Z - [WATCHER]: Processing file changes in outputs
[NX Daemon Server] - 2023-11-09T06:53:20.906Z - [WATCHER]: Processing file changes in outputs
[NX Daemon Server] - 2023-11-09T06:53:20.957Z - [WATCHER]: Processing file changes in outputs
[NX Daemon Server] - 2023-11-09T06:53:21.008Z - [WATCHER]: Processing file changes in outputs
[NX Daemon Server] - 2023-11-09T06:53:21.060Z - [WATCHER]: Processing file changes in outputs
[NX Daemon Server] - 2023-11-09T06:53:21.111Z - [WATCHER]: Processing file changes in outputs
[NX Daemon Server] - 2023-11-09T06:53:21.163Z - [WATCHER]: Processing file changes in outputs
[NX Daemon Server] - 2023-11-09T06:53:21.214Z - [WATCHER]: Processing file changes in outputs
[NX Daemon Server] - 2023-11-09T06:53:21.265Z - [WATCHER]: Processing file changes in outputs
[NX Daemon Server] - 2023-11-09T06:53:21.317Z - [WATCHER]: Processing file changes in outputs
[NX Daemon Server] - 2023-11-09T06:53:21.368Z - [WATCHER]: Processing file changes in outputs
[NX Daemon Server] - 2023-11-09T06:53:21.420Z - [WATCHER]: Processing file changes in outputs
[NX Daemon Server] - 2023-11-09T06:53:21.471Z - [WATCHER]: Processing file changes in outputs
[NX Daemon Server] - 2023-11-09T06:53:21.523Z - [WATCHER]: Processing file changes in outputs
[NX Daemon Server] - 2023-11-09T06:53:21.573Z - [WATCHER]: Processing file changes in outputs
[NX Daemon Server] - 2023-11-09T06:53:21.625Z - [WATCHER]: Processing file changes in outputs
[NX Daemon Server] - 2023-11-09T06:53:21.676Z - [WATCHER]: Processing file changes in outputs
[NX Daemon Server] - 2023-11-09T06:53:21.727Z - [WATCHER]: Processing file changes in outputs
[NX Daemon Server] - 2023-11-09T06:53:21.779Z - [WATCHER]: Processing file changes in outputs
[NX Daemon Server] - 2023-11-09T06:53:21.831Z - [WATCHER]: Processing file changes in outputs
[NX Daemon Server] - 2023-11-09T06:53:21.882Z - [WATCHER]: Processing file changes in outputs
[NX Daemon Server] - 2023-11-09T06:53:21.934Z - [WATCHER]: Processing file changes in outputs
[NX Daemon Server] - 2023-11-09T06:53:21.985Z - [WATCHER]: Processing file changes in outputs
[NX Daemon Server] - 2023-11-09T06:53:22.037Z - [WATCHER]: Processing file changes in outputs
[NX Daemon Server] - 2023-11-09T06:53:22.088Z - [WATCHER]: Processing file changes in outputs
[NX Daemon Server] - 2023-11-09T06:53:22.140Z - [WATCHER]: Processing file changes in outputs
[NX Daemon Server] - 2023-11-09T06:53:22.191Z - [WATCHER]: Processing file changes in outputs
[NX Daemon Server] - 2023-11-09T06:53:22.242Z - [WATCHER]: Processing file changes in outputs
[NX Daemon Server] - 2023-11-09T06:53:22.294Z - [WATCHER]: Processing file changes in outputs
[NX Daemon Server] - 2023-11-09T06:53:22.346Z - [WATCHER]: Processing file changes in outputs
[NX Daemon Server] - 2023-11-09T06:53:22.397Z - [WATCHER]: Processing file changes in outputs
[NX Daemon Server] - 2023-11-09T06:53:22.449Z - [WATCHER]: Processing file changes in outputs
[NX Daemon Server] - 2023-11-09T06:53:22.500Z - [WATCHER]: Processing file changes in outputs
[NX Daemon Server] - 2023-11-09T06:53:22.552Z - [WATCHER]: Processing file changes in outputs
[NX Daemon Server] - 2023-11-09T06:53:22.603Z - [WATCHER]: Processing file changes in outputs
[NX Daemon Server] - 2023-11-09T06:53:22.655Z - [WATCHER]: Processing file changes in outputs
[NX Daemon Server] - 2023-11-09T06:53:22.707Z - [WATCHER]: Processing file changes in outputs
[NX Daemon Server] - 2023-11-09T06:53:22.759Z - [WATCHER]: Processing file changes in outputs
[NX Daemon Server] - 2023-11-09T06:53:22.810Z - [WATCHER]: Processing file changes in outputs
[NX Daemon Server] - 2023-11-09T06:53:22.862Z - [WATCHER]: Processing file changes in outputs
[NX Daemon Server] - 2023-11-09T06:53:22.913Z - [WATCHER]: Processing file changes in outputs
[NX Daemon Server] - 2023-11-09T06:53:22.965Z - [WATCHER]: Processing file changes in outputs
[NX Daemon Server] - 2023-11-09T06:53:23.017Z - [WATCHER]: Processing file changes in outputs
[NX Daemon Server] - 2023-11-09T06:53:23.069Z - [WATCHER]: Processing file changes in outputs
[NX Daemon Server] - 2023-11-09T06:53:23.120Z - [WATCHER]: Processing file changes in outputs
[NX Daemon Server] - 2023-11-09T06:53:23.172Z - [WATCHER]: Processing file changes in outputs
[NX Daemon Server] - 2023-11-09T06:53:23.224Z - [WATCHER]: Processing file changes in outputs
[NX Daemon Server] - 2023-11-09T06:53:23.275Z - [WATCHER]: Processing file changes in outputs
[NX Daemon Server] - 2023-11-09T06:53:23.327Z - [WATCHER]: Processing file changes in outputs
[NX Daemon Server] - 2023-11-09T06:53:23.379Z - [WATCHER]: Processing file changes in outputs
[NX Daemon Server] - 2023-11-09T06:53:23.430Z - [WATCHER]: Processing file changes in outputs
[NX Daemon Server] - 2023-11-09T06:53:23.482Z - [WATCHER]: Processing file changes in outputs
[NX Daemon Server] - 2023-11-09T06:53:23.533Z - [WATCHER]: Processing file changes in outputs
[NX Daemon Server] - 2023-11-09T06:53:23.584Z - [WATCHER]: Processing file changes in outputs
[NX Daemon Server] - 2023-11-09T06:53:23.636Z - [WATCHER]: Processing file changes in outputs
[NX Daemon Server] - 2023-11-09T06:53:23.687Z - [WATCHER]: Processing file changes in outputs
[NX Daemon Server] - 2023-11-09T06:53:23.739Z - [WATCHER]: Processing file changes in outputs
[NX Daemon Server] - 2023-11-09T06:53:23.791Z - [WATCHER]: Processing file changes in outputs
[NX Daemon Server] - 2023-11-09T06:53:23.816Z - [REQUEST]: Responding to the client. recordOutputsHash
[NX Daemon Server] - 2023-11-09T06:53:23.816Z - Done responding to the client recordOutputsHash
[NX Daemon Server] - 2023-11-09T06:53:23.816Z - Handled RECORD_OUTPUTS_HASH. Handling time: 0. Response time: 1.
[NX Daemon Server] - 2023-11-09T06:53:23.881Z - [REQUEST]: Responding to the client. PROCESS_IN_BACKGROUND
[NX Daemon Server] - 2023-11-09T06:53:23.881Z - Done responding to the client PROCESS_IN_BACKGROUND
[NX Daemon Server] - 2023-11-09T06:53:23.881Z - Handled PROCESS_IN_BACKGROUND. Handling time: 50. Response time: 0.
[NX Daemon Server] - 2023-11-09T06:53:23.882Z - Uploading file artifacts
[NX Daemon Server] - 2023-11-09T06:53:23.882Z - Done uploading file artifacts
[NX Daemon Server] - 2023-11-09T06:53:23.882Z - Sending EndRun request
[NX Daemon Server] - 2023-11-09T06:53:23.884Z - [WATCHER]: Processing file changes in outputs
[NX Daemon Server] - 2023-11-09T06:53:23.888Z - Closed a connection. Number of open connections: 0
[NX Daemon Server] - 2023-11-09T06:53:23.934Z - [WATCHER]: Processing file changes in outputs
[NX Daemon Server] - 2023-11-09T06:53:23.985Z - [WATCHER]: Processing file changes in outputs
[NX Daemon Server] - 2023-11-09T06:53:24.037Z - [WATCHER]: Processing file changes in outputs
[NX Daemon Server] - 2023-11-09T06:53:24.089Z - [WATCHER]: Processing file changes in outputs
[NX Daemon Server] - 2023-11-09T06:53:24.099Z - Done sending EndRun request
[NX Daemon Server] - 2023-11-09T06:53:24.141Z - [WATCHER]: Processing file changes in outputs
[NX Daemon Server] - 2023-11-09T06:53:24.192Z - [WATCHER]: Processing file changes in outputs
[NX Daemon Server] - 2023-11-09T06:53:24.244Z - [WATCHER]: Processing file changes in outputs
[NX Daemon Server] - 2023-11-09T06:53:24.295Z - [WATCHER]: Processing file changes in outputs
[NX Daemon Server] - 2023-11-09T06:53:24.347Z - [WATCHER]: Processing file changes in outputs
[NX Daemon Server] - 2023-11-09T06:53:24.398Z - [WATCHER]: Processing file changes in outputs
[NX Daemon Server] - 2023-11-09T06:53:24.450Z - [WATCHER]: Processing file changes in outputs
[NX Daemon Server] - 2023-11-09T06:53:24.501Z - [WATCHER]: Processing file changes in outputs
[NX Daemon Server] - 2023-11-09T06:53:24.553Z - [WATCHER]: Processing file changes in outputs
[NX Daemon Server] - 2023-11-09T06:53:24.604Z - [WATCHER]: Processing file changes in outputs
[NX Daemon Server] - 2023-11-09T06:53:24.656Z - [WATCHER]: Processing file changes in outputs
[NX Daemon Server] - 2023-11-09T06:53:24.707Z - [WATCHER]: Processing file changes in outputs
[NX Daemon Server] - 2023-11-09T06:53:24.759Z - [WATCHER]: Processing file changes in outputs
[NX Daemon Server] - 2023-11-09T06:53:24.810Z - [WATCHER]: Processing file changes in outputs
[NX Daemon Server] - 2023-11-09T06:53:24.862Z - [WATCHER]: Processing file changes in outputs
[NX Daemon Server] - 2023-11-09T06:53:24.914Z - [WATCHER]: Processing file changes in outputs
[NX Daemon Server] - 2023-11-09T06:53:24.965Z - [WATCHER]: Processing file changes in outputs
[NX Daemon Server] - 2023-11-09T06:53:25.017Z - [WATCHER]: Processing file changes in outputs
[NX Daemon Server] - 2023-11-09T06:53:25.068Z - [WATCHER]: Processing file changes in outputs
[NX Daemon Server] - 2023-11-09T06:53:25.120Z - [WATCHER]: Processing file changes in outputs
[NX Daemon Server] - 2023-11-09T06:53:25.172Z - [WATCHER]: Processing file changes in outputs
[NX Daemon Server] - 2023-11-09T06:53:25.223Z - [WATCHER]: Processing file changes in outputs
[NX Daemon Server] - 2023-11-09T06:53:25.275Z - [WATCHER]: Processing file changes in outputs
[NX Daemon Server] - 2023-11-09T06:53:25.326Z - [WATCHER]: Processing file changes in outputs
[NX Daemon Server] - 2023-11-09T06:53:25.378Z - [WATCHER]: Processing file changes in outputs
[NX Daemon Server] - 2023-11-09T06:53:25.430Z - [WATCHER]: Processing file changes in outputs
[NX Daemon Server] - 2023-11-09T06:53:25.481Z - [WATCHER]: Processing file changes in outputs
[NX Daemon Server] - 2023-11-09T06:53:25.533Z - [WATCHER]: Processing file changes in outputs
[NX Daemon Server] - 2023-11-09T06:53:25.584Z - [WATCHER]: Processing file changes in outputs
[NX Daemon Server] - 2023-11-09T06:53:25.636Z - [WATCHER]: Processing file changes in outputs
[NX Daemon Server] - 2023-11-09T06:53:25.687Z - [WATCHER]: Processing file changes in outputs
[NX Daemon Server] - 2023-11-09T06:53:25.739Z - [WATCHER]: Processing file changes in outputs
[NX Daemon Server] - 2023-11-09T06:53:25.790Z - [WATCHER]: Processing file changes in outputs
[NX Daemon Server] - 2023-11-09T06:53:25.842Z - [WATCHER]: Processing file changes in outputs
[NX Daemon Server] - 2023-11-09T06:53:25.894Z - [WATCHER]: Processing file changes in outputs
[NX Daemon Server] - 2023-11-09T06:53:25.945Z - [WATCHER]: Processing file changes in outputs
[NX Daemon Server] - 2023-11-09T06:53:25.997Z - [WATCHER]: Processing file changes in outputs
[NX Daemon Server] - 2023-11-09T06:53:26.048Z - [WATCHER]: Processing file changes in outputs
[NX Daemon Server] - 2023-11-09T06:53:26.100Z - [WATCHER]: Processing file changes in outputs
[NX Daemon Server] - 2023-11-09T06:53:26.151Z - [WATCHER]: Processing file changes in outputs
[NX Daemon Server] - 2023-11-09T06:53:26.203Z - [WATCHER]: Processing file changes in outputs
[NX Daemon Server] - 2023-11-09T06:53:26.254Z - [WATCHER]: Processing file changes in outputs
[NX Daemon Server] - 2023-11-09T06:53:26.306Z - [WATCHER]: Processing file changes in outputs
[NX Daemon Server] - 2023-11-09T06:53:26.357Z - [WATCHER]: Processing file changes in outputs
[NX Daemon Server] - 2023-11-09T06:53:26.407Z - [WATCHER]: Processing file changes in outputs
[NX Daemon Server] - 2023-11-09T06:53:26.459Z - [WATCHER]: Processing file changes in outputs
[NX Daemon Server] - 2023-11-09T06:53:26.510Z - [WATCHER]: Processing file changes in outputs
[NX Daemon Server] - 2023-11-09T06:53:26.561Z - [WATCHER]: Processing file changes in outputs
[NX Daemon Server] - 2023-11-09T06:53:26.613Z - [WATCHER]: Processing file changes in outputs
[NX Daemon Server] - 2023-11-09T06:53:26.665Z - [WATCHER]: Processing file changes in outputs
[NX Daemon Server] - 2023-11-09T06:53:26.716Z - [WATCHER]: Processing file changes in outputs
[NX Daemon Server] - 2023-11-09T06:53:26.768Z - [WATCHER]: Processing file changes in outputs
[NX Daemon Server] - 2023-11-09T06:53:26.819Z - [WATCHER]: Processing file changes in outputs
[NX Daemon Server] - 2023-11-09T06:53:26.871Z - [WATCHER]: Processing file changes in outputs
[NX Daemon Server] - 2023-11-09T06:53:26.922Z - [WATCHER]: Processing file changes in outputs
[NX Daemon Server] - 2023-11-09T06:53:26.974Z - [WATCHER]: Processing file changes in outputs
[NX Daemon Server] - 2023-11-09T06:53:27.025Z - [WATCHER]: Processing file changes in outputs
[NX Daemon Server] - 2023-11-09T06:53:27.077Z - [WATCHER]: Processing file changes in outputs
[NX Daemon Server] - 2023-11-09T06:53:27.128Z - [WATCHER]: Processing file changes in outputs
[NX Daemon Server] - 2023-11-09T06:53:27.180Z - [WATCHER]: Processing file changes in outputs
[NX Daemon Server] - 2023-11-09T06:53:27.231Z - [WATCHER]: Processing file changes in outputs
[NX Daemon Server] - 2023-11-09T06:53:27.283Z - [WATCHER]: Processing file changes in outputs
[NX Daemon Server] - 2023-11-09T06:53:27.334Z - [WATCHER]: Processing file changes in outputs
[NX Daemon Server] - 2023-11-09T06:53:27.385Z - [WATCHER]: Processing file changes in outputs
[NX Daemon Server] - 2023-11-09T06:53:27.437Z - [WATCHER]: Processing file changes in outputs
[NX Daemon Server] - 2023-11-09T06:53:27.488Z - [WATCHER]: Processing file changes in outputs
[NX Daemon Server] - 2023-11-09T06:53:27.540Z - [WATCHER]: Processing file changes in outputs
[NX Daemon Server] - 2023-11-09T06:53:27.591Z - [WATCHER]: Processing file changes in outputs
[NX Daemon Server] - 2023-11-09T06:53:27.643Z - [WATCHER]: Processing file changes in outputs
[NX Daemon Server] - 2023-11-09T06:53:27.694Z - [WATCHER]: Processing file changes in outputs
[NX Daemon Server] - 2023-11-09T06:53:27.746Z - [WATCHER]: Processing file changes in outputs
[NX Daemon Server] - 2023-11-09T06:53:27.797Z - [WATCHER]: Processing file changes in outputs
[NX Daemon Server] - 2023-11-09T06:53:27.849Z - [WATCHER]: Processing file changes in outputs
[NX Daemon Server] - 2023-11-09T06:53:27.900Z - [WATCHER]: Processing file changes in outputs
[NX Daemon Server] - 2023-11-09T06:53:27.952Z - [WATCHER]: Processing file changes in outputs
[NX Daemon Server] - 2023-11-09T06:53:28.003Z - [WATCHER]: Processing file changes in outputs
[NX Daemon Server] - 2023-11-09T06:53:28.055Z - [WATCHER]: Processing file changes in outputs
[NX Daemon Server] - 2023-11-09T06:53:28.106Z - [WATCHER]: Processing file changes in outputs
[NX Daemon Server] - 2023-11-09T06:53:28.158Z - [WATCHER]: Processing file changes in outputs
[NX Daemon Server] - 2023-11-09T06:53:28.209Z - [WATCHER]: Processing file changes in outputs
[NX Daemon Server] - 2023-11-09T06:53:28.261Z - [WATCHER]: Processing file changes in outputs
[NX Daemon Server] - 2023-11-09T06:53:28.312Z - [WATCHER]: Processing file changes in outputs
[NX Daemon Server] - 2023-11-09T06:53:28.364Z - [WATCHER]: Processing file changes in outputs
[NX Daemon Server] - 2023-11-09T06:53:28.415Z - [WATCHER]: Processing file changes in outputs
[NX Daemon Server] - 2023-11-09T06:53:28.466Z - [WATCHER]: Processing file changes in outputs
[NX Daemon Server] - 2023-11-09T06:53:28.518Z - [WATCHER]: Processing file changes in outputs
[NX Daemon Server] - 2023-11-09T06:53:28.569Z - [WATCHER]: Processing file changes in outputs
[NX Daemon Server] - 2023-11-09T06:53:28.621Z - [WATCHER]: Processing file changes in outputs
[NX Daemon Server] - 2023-11-09T06:53:28.672Z - [WATCHER]: Processing file changes in outputs
[NX Daemon Server] - 2023-11-09T06:53:28.724Z - [WATCHER]: Processing file changes in outputs
[NX Daemon Server] - 2023-11-09T06:53:28.775Z - [WATCHER]: Processing file changes in outputs
[NX Daemon Server] - 2023-11-09T06:53:28.826Z - [WATCHER]: Processing file changes in outputs
[NX Daemon Server] - 2023-11-09T06:53:28.877Z - [WATCHER]: Processing file changes in outputs
[NX Daemon Server] - 2023-11-09T06:53:28.929Z - [WATCHER]: Processing file changes in outputs
[NX Daemon Server] - 2023-11-09T06:53:28.980Z - [WATCHER]: Processing file changes in outputs
[NX Daemon Server] - 2023-11-09T06:53:29.032Z - [WATCHER]: Processing file changes in outputs
[NX Daemon Server] - 2023-11-09T06:53:29.083Z - [WATCHER]: Processing file changes in outputs
[NX Daemon Server] - 2023-11-09T06:53:29.135Z - [WATCHER]: Processing file changes in outputs
[NX Daemon Server] - 2023-11-09T06:53:29.186Z - [WATCHER]: Processing file changes in outputs
[NX Daemon Server] - 2023-11-09T06:53:29.238Z - [WATCHER]: Processing file changes in outputs
[NX Daemon Server] - 2023-11-09T06:53:29.289Z - [WATCHER]: Processing file changes in outputs
[NX Daemon Server] - 2023-11-09T06:53:29.341Z - [WATCHER]: Processing file changes in outputs
[NX Daemon Server] - 2023-11-09T06:53:29.392Z - [WATCHER]: Processing file changes in outputs
[NX Daemon Server] - 2023-11-09T06:53:29.444Z - [WATCHER]: Processing file changes in outputs
[NX Daemon Server] - 2023-11-09T06:53:29.495Z - [WATCHER]: Processing file changes in outputs
[NX Daemon Server] - 2023-11-09T06:53:29.547Z - [WATCHER]: Processing file changes in outputs
[NX Daemon Server] - 2023-11-09T06:53:29.598Z - [WATCHER]: Processing file changes in outputs
[NX Daemon Server] - 2023-11-09T06:53:29.649Z - [WATCHER]: Processing file changes in outputs
[NX Daemon Server] - 2023-11-09T06:53:29.701Z - [WATCHER]: Processing file changes in outputs
[NX Daemon Server] - 2023-11-09T06:53:29.752Z - [WATCHER]: Processing file changes in outputs
[NX Daemon Server] - 2023-11-09T06:53:29.804Z - [WATCHER]: Processing file changes in outputs
[NX Daemon Server] - 2023-11-09T06:53:29.855Z - [WATCHER]: Processing file changes in outputs
[NX Daemon Server] - 2023-11-09T06:53:29.907Z - [WATCHER]: Processing file changes in outputs
[NX Daemon Server] - 2023-11-09T06:53:29.958Z - [WATCHER]: Processing file changes in outputs
[NX Daemon Server] - 2023-11-09T06:53:30.010Z - [WATCHER]: Processing file changes in outputs
[NX Daemon Server] - 2023-11-09T06:53:30.061Z - [WATCHER]: Processing file changes in outputs
[NX Daemon Server] - 2023-11-09T06:53:30.113Z - [WATCHER]: Processing file changes in outputs
[NX Daemon Server] - 2023-11-09T06:53:30.164Z - [WATCHER]: Processing file changes in outputs
[NX Daemon Server] - 2023-11-09T06:53:30.216Z - [WATCHER]: Processing file changes in outputs
[NX Daemon Server] - 2023-11-09T06:53:30.267Z - [WATCHER]: Processing file changes in outputs
[NX Daemon Server] - 2023-11-09T06:53:30.319Z - [WATCHER]: Processing file changes in outputs
[NX Daemon Server] - 2023-11-09T06:53:30.371Z - [WATCHER]: Processing file changes in outputs
[NX Daemon Server] - 2023-11-09T06:53:30.422Z - [WATCHER]: Processing file changes in outputs
[NX Daemon Server] - 2023-11-09T06:53:30.474Z - [WATCHER]: Processing file changes in outputs
[NX Daemon Server] - 2023-11-09T06:53:30.525Z - [WATCHER]: Processing file changes in outputs
[NX Daemon Server] - 2023-11-09T06:53:30.577Z - [WATCHER]: Processing file changes in outputs
[NX Daemon Server] - 2023-11-09T06:53:30.627Z - [WATCHER]: Processing file changes in outputs
[NX Daemon Server] - 2023-11-09T06:53:30.679Z - [WATCHER]: Processing file changes in outputs
[NX Daemon Server] - 2023-11-09T06:53:30.730Z - [WATCHER]: Processing file changes in outputs
[NX Daemon Server] - 2023-11-09T06:53:30.782Z - [WATCHER]: Processing file changes in outputs
[NX Daemon Server] - 2023-11-09T06:53:30.833Z - [WATCHER]: Processing file changes in outputs
[NX Daemon Server] - 2023-11-09T06:53:30.883Z - [WATCHER]: Processing file changes in outputs
[NX Daemon Server] - 2023-11-09T06:53:30.935Z - [WATCHER]: Processing file changes in outputs
[NX Daemon Server] - 2023-11-09T06:53:30.986Z - [WATCHER]: Processing file changes in outputs
[NX Daemon Server] - 2023-11-09T06:53:31.038Z - [WATCHER]: Processing file changes in outputs
[NX Daemon Server] - 2023-11-09T06:53:31.090Z - [WATCHER]: Processing file changes in outputs
[NX Daemon Server] - 2023-11-09T06:53:31.141Z - [WATCHER]: Processing file changes in outputs
[NX Daemon Server] - 2023-11-09T06:53:31.193Z - [WATCHER]: Processing file changes in outputs
[NX Daemon Server] - 2023-11-09T06:53:31.244Z - [WATCHER]: Processing file changes in outputs
[NX Daemon Server] - 2023-11-09T06:53:31.295Z - [WATCHER]: Processing file changes in outputs
[NX Daemon Server] - 2023-11-09T06:53:31.347Z - [WATCHER]: Processing file changes in outputs
[NX Daemon Server] - 2023-11-09T06:53:31.398Z - [WATCHER]: Processing file changes in outputs
[NX Daemon Server] - 2023-11-09T06:53:31.450Z - [WATCHER]: Processing file changes in outputs
[NX Daemon Server] - 2023-11-09T06:53:31.501Z - [WATCHER]: Processing file changes in outputs
[NX Daemon Server] - 2023-11-09T06:53:31.553Z - [WATCHER]: Processing file changes in outputs
[NX Daemon Server] - 2023-11-09T06:53:31.604Z - [WATCHER]: Processing file changes in outputs
[NX Daemon Server] - 2023-11-09T06:53:31.656Z - [WATCHER]: Processing file changes in outputs
[NX Daemon Server] - 2023-11-09T06:53:31.707Z - [WATCHER]: Processing file changes in outputs
[NX Daemon Server] - 2023-11-09T06:53:31.759Z - [WATCHER]: Processing file changes in outputs
[NX Daemon Server] - 2023-11-09T06:53:31.810Z - [WATCHER]: Processing file changes in outputs
[NX Daemon Server] - 2023-11-09T06:53:31.862Z - [WATCHER]: Processing file changes in outputs
[NX Daemon Server] - 2023-11-09T06:53:31.912Z - [WATCHER]: Processing file changes in outputs
[NX Daemon Server] - 2023-11-09T06:53:31.964Z - [WATCHER]: Processing file changes in outputs
[NX Daemon Server] - 2023-11-09T06:53:32.015Z - [WATCHER]: Processing file changes in outputs
[NX Daemon Server] - 2023-11-09T06:53:32.067Z - [WATCHER]: Processing file changes in outputs
[NX Daemon Server] - 2023-11-09T06:53:32.118Z - [WATCHER]: Processing file changes in outputs
[NX Daemon Server] - 2023-11-09T06:53:32.170Z - [WATCHER]: Processing file changes in outputs
[NX Daemon Server] - 2023-11-09T06:53:32.221Z - [WATCHER]: Processing file changes in outputs
[NX Daemon Server] - 2023-11-09T06:53:32.273Z - [WATCHER]: Processing file changes in outputs
[NX Daemon Server] - 2023-11-09T06:53:32.324Z - [WATCHER]: Processing file changes in outputs
[NX Daemon Server] - 2023-11-09T06:53:32.376Z - [WATCHER]: Processing file changes in outputs
[NX Daemon Server] - 2023-11-09T06:53:32.427Z - [WATCHER]: Processing file changes in outputs
[NX Daemon Server] - 2023-11-09T06:53:32.479Z - [WATCHER]: Processing file changes in outputs
[NX Daemon Server] - 2023-11-09T06:53:32.530Z - [WATCHER]: Processing file changes in outputs
[NX Daemon Server] - 2023-11-09T06:53:32.582Z - [WATCHER]: Processing file changes in outputs
[NX Daemon Server] - 2023-11-09T06:53:32.633Z - [WATCHER]: Processing file changes in outputs
[NX Daemon Server] - 2023-11-09T06:53:32.685Z - [WATCHER]: Processing file changes in outputs
[NX Daemon Server] - 2023-11-09T06:53:32.736Z - [WATCHER]: Processing file changes in outputs
[NX Daemon Server] - 2023-11-09T06:53:32.787Z - [WATCHER]: Processing file changes in outputs
[NX Daemon Server] - 2023-11-09T06:53:32.839Z - [WATCHER]: Processing file changes in outputs
[NX Daemon Server] - 2023-11-09T06:53:32.890Z - [WATCHER]: Processing file changes in outputs
[NX Daemon Server] - 2023-11-09T06:53:32.942Z - [WATCHER]: Processing file changes in outputs
[NX Daemon Server] - 2023-11-09T06:53:32.993Z - [WATCHER]: Processing file changes in outputs
[NX Daemon Server] - 2023-11-09T06:53:33.044Z - [WATCHER]: Processing file changes in outputs
[NX Daemon Server] - 2023-11-09T06:53:33.096Z - [WATCHER]: Processing file changes in outputs
[NX Daemon Server] - 2023-11-09T06:53:33.148Z - [WATCHER]: Processing file changes in outputs
[NX Daemon Server] - 2023-11-09T06:53:33.199Z - [WATCHER]: Processing file changes in outputs
[NX Daemon Server] - 2023-11-09T06:53:33.251Z - [WATCHER]: Processing file changes in outputs
[NX Daemon Server] - 2023-11-09T06:53:33.302Z - [WATCHER]: Processing file changes in outputs
[NX Daemon Server] - 2023-11-09T06:53:33.354Z - [WATCHER]: Processing file changes in outputs
[NX Daemon Server] - 2023-11-09T06:53:33.405Z - [WATCHER]: Processing file changes in outputs
[NX Daemon Server] - 2023-11-09T06:53:33.457Z - [WATCHER]: Processing file changes in outputs
[NX Daemon Server] - 2023-11-09T06:53:33.508Z - [WATCHER]: Processing file changes in outputs
[NX Daemon Server] - 2023-11-09T06:53:33.559Z - [WATCHER]: Processing file changes in outputs
[NX Daemon Server] - 2023-11-09T06:53:33.610Z - [WATCHER]: Processing file changes in outputs
[NX Daemon Server] - 2023-11-09T06:53:33.662Z - [WATCHER]: Processing file changes in outputs
[NX Daemon Server] - 2023-11-09T06:53:33.713Z - [WATCHER]: Processing file changes in outputs
[NX Daemon Server] - 2023-11-09T06:53:33.765Z - [WATCHER]: Processing file changes in outputs
[NX Daemon Server] - 2023-11-09T06:53:33.816Z - [WATCHER]: Processing file changes in outputs
[NX Daemon Server] - 2023-11-09T06:53:33.868Z - [WATCHER]: Processing file changes in outputs
[NX Daemon Server] - 2023-11-09T06:53:33.920Z - [WATCHER]: Processing file changes in outputs
[NX Daemon Server] - 2023-11-09T06:53:33.971Z - [WATCHER]: Processing file changes in outputs
[NX Daemon Server] - 2023-11-09T06:53:34.023Z - [WATCHER]: Processing file changes in outputs
[NX Daemon Server] - 2023-11-09T06:53:34.074Z - [WATCHER]: Processing file changes in outputs
[NX Daemon Server] - 2023-11-09T06:53:34.126Z - [WATCHER]: Processing file changes in outputs
[NX Daemon Server] - 2023-11-09T06:53:34.177Z - [WATCHER]: Processing file changes in outputs
[NX Daemon Server] - 2023-11-09T06:53:34.229Z - [WATCHER]: Processing file changes in outputs
[NX Daemon Server] - 2023-11-09T06:53:34.280Z - [WATCHER]: Processing file changes in outputs
[NX Daemon Server] - 2023-11-09T06:53:34.332Z - [WATCHER]: Processing file changes in outputs
[NX Daemon Server] - 2023-11-09T06:53:34.383Z - [WATCHER]: Processing file changes in outputs
[NX Daemon Server] - 2023-11-09T06:53:34.435Z - [WATCHER]: Processing file changes in outputs
[NX Daemon Server] - 2023-11-09T06:53:34.486Z - [WATCHER]: Processing file changes in outputs
[NX Daemon Server] - 2023-11-09T06:53:34.538Z - [WATCHER]: Processing file changes in outputs
[NX Daemon Server] - 2023-11-09T06:53:34.589Z - [WATCHER]: Processing file changes in outputs
[NX Daemon Server] - 2023-11-09T06:53:34.641Z - [WATCHER]: Processing file changes in outputs
[NX Daemon Server] - 2023-11-09T06:53:34.692Z - [WATCHER]: Processing file changes in outputs
[NX Daemon Server] - 2023-11-09T06:53:34.744Z - [WATCHER]: Processing file changes in outputs
[NX Daemon Server] - 2023-11-09T06:53:34.795Z - [WATCHER]: Processing file changes in outputs
[NX Daemon Server] - 2023-11-09T06:53:34.846Z - [WATCHER]: Processing file changes in outputs
[NX Daemon Server] - 2023-11-09T06:53:34.897Z - [WATCHER]: Processing file changes in outputs
[NX Daemon Server] - 2023-11-09T06:53:34.949Z - [WATCHER]: Processing file changes in outputs
[NX Daemon Server] - 2023-11-09T06:53:35.000Z - [WATCHER]: Processing file changes in outputs
[NX Daemon Server] - 2023-11-09T06:53:35.051Z - [WATCHER]: Processing file changes in outputs
[NX Daemon Server] - 2023-11-09T06:53:35.103Z - [WATCHER]: Processing file changes in outputs
[NX Daemon Server] - 2023-11-09T06:53:35.154Z - [WATCHER]: Processing file changes in outputs
[NX Daemon Server] - 2023-11-09T06:53:35.206Z - [WATCHER]: Processing file changes in outputs
[NX Daemon Server] - 2023-11-09T06:53:35.258Z - [WATCHER]: Processing file changes in outputs
[NX Daemon Server] - 2023-11-09T06:53:35.309Z - [WATCHER]: Processing file changes in outputs
[NX Daemon Server] - 2023-11-09T06:53:35.361Z - [WATCHER]: Processing file changes in outputs
[NX Daemon Server] - 2023-11-09T06:53:35.412Z - [WATCHER]: Processing file changes in outputs
[NX Daemon Server] - 2023-11-09T06:53:35.464Z - [WATCHER]: Processing file changes in outputs
[NX Daemon Server] - 2023-11-09T06:53:35.515Z - [WATCHER]: Processing file changes in outputs
[NX Daemon Server] - 2023-11-09T06:53:35.567Z - [WATCHER]: Processing file changes in outputs
[NX Daemon Server] - 2023-11-09T06:53:35.618Z - [WATCHER]: Processing file changes in outputs
[NX Daemon Server] - 2023-11-09T06:53:35.670Z - [WATCHER]: Processing file changes in outputs
[NX Daemon Server] - 2023-11-09T06:53:35.721Z - [WATCHER]: Processing file changes in outputs
[NX Daemon Server] - 2023-11-09T06:53:35.773Z - [WATCHER]: Processing file changes in outputs
[NX Daemon Server] - 2023-11-09T06:53:35.824Z - [WATCHER]: Processing file changes in outputs
[NX Daemon Server] - 2023-11-09T06:53:35.876Z - [WATCHER]: Processing file changes in outputs
[NX Daemon Server] - 2023-11-09T06:53:35.927Z - [WATCHER]: Processing file changes in outputs
[NX Daemon Server] - 2023-11-09T06:53:35.979Z - [WATCHER]: Processing file changes in outputs
[NX Daemon Server] - 2023-11-09T06:53:36.030Z - [WATCHER]: Processing file changes in outputs
[NX Daemon Server] - 2023-11-09T06:53:36.081Z - [WATCHER]: Processing file changes in outputs
[NX Daemon Server] - 2023-11-09T06:53:36.133Z - [WATCHER]: Processing file changes in outputs
[NX Daemon Server] - 2023-11-09T06:53:36.185Z - [WATCHER]: Processing file changes in outputs
[NX Daemon Server] - 2023-11-09T06:53:36.236Z - [WATCHER]: Processing file changes in outputs
[NX Daemon Server] - 2023-11-09T06:53:36.288Z - [WATCHER]: Processing file changes in outputs
[NX Daemon Server] - 2023-11-09T06:53:36.339Z - [WATCHER]: Processing file changes in outputs
[NX Daemon Server] - 2023-11-09T06:53:36.391Z - [WATCHER]: Processing file changes in outputs
[NX Daemon Server] - 2023-11-09T06:53:36.442Z - [WATCHER]: Processing file changes in outputs
[NX Daemon Server] - 2023-11-09T06:53:36.492Z - [WATCHER]: Processing file changes in outputs
[NX Daemon Server] - 2023-11-09T06:53:36.544Z - [WATCHER]: Processing file changes in outputs
[NX Daemon Server] - 2023-11-09T06:53:36.596Z - [WATCHER]: Processing file changes in outputs
[NX Daemon Server] - 2023-11-09T06:53:36.647Z - [WATCHER]: Processing file changes in outputs
[NX Daemon Server] - 2023-11-09T06:53:36.699Z - [WATCHER]: Processing file changes in outputs
[NX Daemon Server] - 2023-11-09T06:53:36.750Z - [WATCHER]: Processing file changes in outputs
[NX Daemon Server] - 2023-11-09T06:53:36.801Z - [WATCHER]: Processing file changes in outputs
[NX Daemon Server] - 2023-11-09T06:53:36.853Z - [WATCHER]: Processing file changes in outputs
[NX Daemon Server] - 2023-11-09T06:53:36.904Z - [WATCHER]: Processing file changes in outputs
[NX Daemon Server] - 2023-11-09T06:53:36.956Z - [WATCHER]: Processing file changes in outputs
[NX Daemon Server] - 2023-11-09T06:53:37.007Z - [WATCHER]: Processing file changes in outputs
[NX Daemon Server] - 2023-11-09T06:53:37.058Z - [WATCHER]: Processing file changes in outputs
[NX Daemon Server] - 2023-11-09T06:53:37.110Z - [WATCHER]: Processing file changes in outputs
[NX Daemon Server] - 2023-11-09T06:53:37.161Z - [WATCHER]: Processing file changes in outputs
[NX Daemon Server] - 2023-11-09T06:53:37.213Z - [WATCHER]: Processing file changes in outputs
[NX Daemon Server] - 2023-11-09T06:53:37.264Z - [WATCHER]: Processing file changes in outputs
[NX Daemon Server] - 2023-11-09T06:53:37.316Z - [WATCHER]: Processing file changes in outputs
[NX Daemon Server] - 2023-11-09T06:53:37.367Z - [WATCHER]: Processing file changes in outputs
[NX Daemon Server] - 2023-11-09T06:53:37.419Z - [WATCHER]: Processing file changes in outputs
[NX Daemon Server] - 2023-11-09T06:53:37.470Z - [WATCHER]: Processing file changes in outputs
[NX Daemon Server] - 2023-11-09T06:53:37.521Z - [WATCHER]: Processing file changes in outputs
[NX Daemon Server] - 2023-11-09T06:53:37.573Z - [WATCHER]: Processing file changes in outputs
[NX Daemon Server] - 2023-11-09T06:53:37.625Z - [WATCHER]: Processing file changes in outputs
[NX Daemon Server] - 2023-11-09T06:53:37.676Z - [WATCHER]: Processing file changes in outputs
[NX Daemon Server] - 2023-11-09T06:53:37.728Z - [WATCHER]: Processing file changes in outputs
[NX Daemon Server] - 2023-11-09T06:53:37.779Z - [WATCHER]: Processing file changes in outputs
[NX Daemon Server] - 2023-11-09T06:53:37.831Z - [WATCHER]: Processing file changes in outputs
[NX Daemon Server] - 2023-11-09T06:53:37.882Z - [WATCHER]: Processing file changes in outputs
[NX Daemon Server] - 2023-11-09T06:53:37.934Z - [WATCHER]: Processing file changes in outputs
[NX Daemon Server] - 2023-11-09T06:53:37.986Z - [WATCHER]: Processing file changes in outputs
[NX Daemon Server] - 2023-11-09T06:53:38.037Z - [WATCHER]: Processing file changes in outputs
[NX Daemon Server] - 2023-11-09T06:53:38.089Z - [WATCHER]: Processing file changes in outputs
[NX Daemon Server] - 2023-11-09T06:53:38.140Z - [WATCHER]: Processing file changes in outputs
[NX Daemon Server] - 2023-11-09T06:53:38.192Z - [WATCHER]: Processing file changes in outputs
[NX Daemon Server] - 2023-11-09T06:53:38.244Z - [WATCHER]: Processing file changes in outputs
[NX Daemon Server] - 2023-11-09T06:53:38.295Z - [WATCHER]: Processing file changes in outputs
[NX Daemon Server] - 2023-11-09T06:53:38.347Z - [WATCHER]: Processing file changes in outputs
[NX Daemon Server] - 2023-11-09T06:53:38.398Z - [WATCHER]: Processing file changes in outputs
[NX Daemon Server] - 2023-11-09T06:53:38.450Z - [WATCHER]: Processing file changes in outputs
[NX Daemon Server] - 2023-11-09T06:53:38.501Z - [WATCHER]: Processing file changes in outputs
[NX Daemon Server] - 2023-11-09T06:53:38.553Z - [WATCHER]: Processing file changes in outputs
[NX Daemon Server] - 2023-11-09T06:53:38.604Z - [WATCHER]: Processing file changes in outputs
[NX Daemon Server] - 2023-11-09T06:53:38.656Z - [WATCHER]: Processing file changes in outputs
[NX Daemon Server] - 2023-11-09T06:53:38.707Z - [WATCHER]: Processing file changes in outputs
[NX Daemon Server] - 2023-11-09T06:53:38.759Z - [WATCHER]: Processing file changes in outputs
[NX Daemon Server] - 2023-11-09T06:53:38.810Z - [WATCHER]: Processing file changes in outputs
[NX Daemon Server] - 2023-11-09T06:53:38.861Z - [WATCHER]: Processing file changes in outputs
[NX Daemon Server] - 2023-11-09T06:53:38.913Z - [WATCHER]: Processing file changes in outputs
[NX Daemon Server] - 2023-11-09T06:53:38.964Z - [WATCHER]: Processing file changes in outputs
[NX Daemon Server] - 2023-11-09T06:53:39.016Z - [WATCHER]: Processing file changes in outputs
[NX Daemon Server] - 2023-11-09T06:53:39.067Z - [WATCHER]: Processing file changes in outputs
[NX Daemon Server] - 2023-11-09T06:53:39.119Z - [WATCHER]: Processing file changes in outputs
[NX Daemon Server] - 2023-11-09T06:53:39.170Z - [WATCHER]: Processing file changes in outputs
[NX Daemon Server] - 2023-11-09T06:53:39.222Z - [WATCHER]: Processing file changes in outputs
[NX Daemon Server] - 2023-11-09T06:53:39.274Z - [WATCHER]: Processing file changes in outputs
[NX Daemon Server] - 2023-11-09T06:53:39.326Z - [WATCHER]: Processing file changes in outputs
[NX Daemon Server] - 2023-11-09T06:53:39.377Z - [WATCHER]: Processing file changes in outputs
[NX Daemon Server] - 2023-11-09T06:53:39.429Z - [WATCHER]: Processing file changes in outputs
[NX Daemon Server] - 2023-11-09T06:53:39.480Z - [WATCHER]: Processing file changes in outputs
[NX Daemon Server] - 2023-11-09T06:53:39.532Z - [WATCHER]: Processing file changes in outputs
[NX Daemon Server] - 2023-11-09T06:53:39.584Z - [WATCHER]: Processing file changes in outputs
[NX Daemon Server] - 2023-11-09T06:53:39.635Z - [WATCHER]: Processing file changes in outputs
[NX Daemon Server] - 2023-11-09T06:53:39.687Z - [WATCHER]: Processing file changes in outputs
[NX Daemon Server] - 2023-11-09T06:53:39.738Z - [WATCHER]: Processing file changes in outputs
[NX Daemon Server] - 2023-11-09T06:53:39.790Z - [WATCHER]: Processing file changes in outputs
[NX Daemon Server] - 2023-11-09T06:53:39.842Z - [WATCHER]: Processing file changes in outputs
[NX Daemon Server] - 2023-11-09T06:53:39.893Z - [WATCHER]: Processing file changes in outputs
[NX Daemon Server] - 2023-11-09T06:53:39.945Z - [WATCHER]: Processing file changes in outputs
[NX Daemon Server] - 2023-11-09T06:53:39.996Z - [WATCHER]: Processing file changes in outputs
[NX Daemon Server] - 2023-11-09T06:53:40.048Z - [WATCHER]: Processing file changes in outputs
[NX Daemon Server] - 2023-11-09T06:53:40.099Z - [WATCHER]: Processing file changes in outputs
[NX Daemon Server] - 2023-11-09T06:53:40.151Z - [WATCHER]: Processing file changes in outputs
[NX Daemon Server] - 2023-11-09T06:53:40.202Z - [WATCHER]: Processing file changes in outputs
[NX Daemon Server] - 2023-11-09T06:53:40.254Z - [WATCHER]: Processing file changes in outputs
[NX Daemon Server] - 2023-11-09T06:53:40.305Z - [WATCHER]: Processing file changes in outputs
[NX Daemon Server] - 2023-11-09T06:53:40.357Z - [WATCHER]: Processing file changes in outputs
[NX Daemon Server] - 2023-11-09T06:53:40.408Z - [WATCHER]: Processing file changes in outputs
[NX Daemon Server] - 2023-11-09T06:53:40.460Z - [WATCHER]: Processing file changes in outputs
[NX Daemon Server] - 2023-11-09T06:53:40.511Z - [WATCHER]: Processing file changes in outputs
[NX Daemon Server] - 2023-11-09T06:53:40.563Z - [WATCHER]: Processing file changes in outputs
[NX Daemon Server] - 2023-11-09T06:53:40.614Z - [WATCHER]: Processing file changes in outputs
[NX Daemon Server] - 2023-11-09T06:53:40.665Z - [WATCHER]: Processing file changes in outputs
[NX Daemon Server] - 2023-11-09T06:53:40.717Z - [WATCHER]: Processing file changes in outputs
[NX Daemon Server] - 2023-11-09T06:53:40.768Z - [WATCHER]: Processing file changes in outputs
[NX Daemon Server] - 2023-11-09T06:53:40.820Z - [WATCHER]: Processing file changes in outputs
[NX Daemon Server] - 2023-11-09T06:53:40.871Z - [WATCHER]: Processing file changes in outputs
[NX Daemon Server] - 2023-11-09T06:53:40.923Z - [WATCHER]: Processing file changes in outputs
[NX Daemon Server] - 2023-11-09T06:53:40.974Z - [WATCHER]: Processing file changes in outputs
[NX Daemon Server] - 2023-11-09T06:53:41.026Z - [WATCHER]: Processing file changes in outputs
[NX Daemon Server] - 2023-11-09T06:53:41.077Z - [WATCHER]: Processing file changes in outputs
[NX Daemon Server] - 2023-11-09T06:53:41.129Z - [WATCHER]: Processing file changes in outputs
[NX Daemon Server] - 2023-11-09T06:53:41.180Z - [WATCHER]: Processing file changes in outputs
[NX Daemon Server] - 2023-11-09T06:53:41.232Z - [WATCHER]: Processing file changes in outputs
[NX Daemon Server] - 2023-11-09T06:53:41.283Z - [WATCHER]: Processing file changes in outputs
[NX Daemon Server] - 2023-11-09T06:53:41.335Z - [WATCHER]: Processing file changes in outputs
[NX Daemon Server] - 2023-11-09T06:53:41.386Z - [WATCHER]: Processing file changes in outputs
[NX Daemon Server] - 2023-11-09T06:53:41.438Z - [WATCHER]: Processing file changes in outputs
[NX Daemon Server] - 2023-11-09T06:53:41.489Z - [WATCHER]: Processing file changes in outputs
[NX Daemon Server] - 2023-11-09T06:53:41.540Z - [WATCHER]: Processing file changes in outputs
[NX Daemon Server] - 2023-11-09T06:53:41.592Z - [WATCHER]: Processing file changes in outputs
[NX Daemon Server] - 2023-11-09T06:53:41.643Z - [WATCHER]: Processing file changes in outputs
[NX Daemon Server] - 2023-11-09T06:53:41.695Z - [WATCHER]: Processing file changes in outputs
[NX Daemon Server] - 2023-11-09T06:53:41.746Z - [WATCHER]: Processing file changes in outputs
[NX Daemon Server] - 2023-11-09T06:53:41.798Z - [WATCHER]: Processing file changes in outputs
[NX Daemon Server] - 2023-11-09T06:53:41.849Z - [WATCHER]: Processing file changes in outputs
[NX Daemon Server] - 2023-11-09T06:53:41.901Z - [WATCHER]: Processing file changes in outputs
[NX Daemon Server] - 2023-11-09T06:53:41.952Z - [WATCHER]: Processing file changes in outputs
[NX Daemon Server] - 2023-11-09T06:53:42.002Z - [WATCHER]: Processing file changes in outputs
[NX Daemon Server] - 2023-11-09T06:53:42.054Z - [WATCHER]: Processing file changes in outputs
[NX Daemon Server] - 2023-11-09T06:53:42.105Z - [WATCHER]: Processing file changes in outputs
[NX Daemon Server] - 2023-11-09T06:53:42.157Z - [WATCHER]: Processing file changes in outputs
[NX Daemon Server] - 2023-11-09T06:53:42.208Z - [WATCHER]: Processing file changes in outputs
[NX Daemon Server] - 2023-11-09T06:53:42.260Z - [WATCHER]: Processing file changes in outputs
[NX Daemon Server] - 2023-11-09T06:53:42.311Z - [WATCHER]: Processing file changes in outputs
[NX Daemon Server] - 2023-11-09T06:53:42.363Z - [WATCHER]: Processing file changes in outputs
[NX Daemon Server] - 2023-11-09T06:53:42.414Z - [WATCHER]: Processing file changes in outputs
[NX Daemon Server] - 2023-11-09T06:53:42.466Z - [WATCHER]: Processing file changes in outputs
[NX Daemon Server] - 2023-11-09T06:53:42.517Z - [WATCHER]: Processing file changes in outputs
[NX Daemon Server] - 2023-11-09T06:53:42.567Z - [WATCHER]: Processing file changes in outputs
[NX Daemon Server] - 2023-11-09T06:53:42.619Z - [WATCHER]: Processing file changes in outputs
[NX Daemon Server] - 2023-11-09T06:53:42.670Z - [WATCHER]: Processing file changes in outputs
[NX Daemon Server] - 2023-11-09T06:53:42.722Z - [WATCHER]: Processing file changes in outputs
[NX Daemon Server] - 2023-11-09T06:53:42.773Z - [WATCHER]: Processing file changes in outputs
[NX Daemon Server] - 2023-11-09T06:53:42.825Z - [WATCHER]: Processing file changes in outputs
[NX Daemon Server] - 2023-11-09T06:53:42.876Z - [WATCHER]: Processing file changes in outputs
[NX Daemon Server] - 2023-11-09T06:53:42.928Z - [WATCHER]: Processing file changes in outputs
[NX Daemon Server] - 2023-11-09T06:53:42.978Z - [WATCHER]: Processing file changes in outputs
[NX Daemon Server] - 2023-11-09T06:53:43.030Z - [WATCHER]: Processing file changes in outputs
[NX Daemon Server] - 2023-11-09T06:53:43.082Z - [WATCHER]: Processing file changes in outputs
[NX Daemon Server] - 2023-11-09T06:53:43.133Z - [WATCHER]: Processing file changes in outputs
[NX Daemon Server] - 2023-11-09T06:53:43.185Z - [WATCHER]: Processing file changes in outputs
[NX Daemon Server] - 2023-11-09T06:53:43.235Z - [WATCHER]: Processing file changes in outputs
[NX Daemon Server] - 2023-11-09T06:53:43.287Z - [WATCHER]: Processing file changes in outputs
[NX Daemon Server] - 2023-11-09T06:53:43.339Z - [WATCHER]: Processing file changes in outputs
[NX Daemon Server] - 2023-11-09T06:53:43.390Z - [WATCHER]: Processing file changes in outputs
[NX Daemon Server] - 2023-11-09T06:53:43.441Z - [WATCHER]: Processing file changes in outputs
[NX Daemon Server] - 2023-11-09T06:53:43.493Z - [WATCHER]: Processing file changes in outputs
[NX Daemon Server] - 2023-11-09T06:53:43.544Z - [WATCHER]: Processing file changes in outputs
[NX Daemon Server] - 2023-11-09T06:53:43.596Z - [WATCHER]: Processing file changes in outputs
[NX Daemon Server] - 2023-11-09T06:53:43.647Z - [WATCHER]: Processing file changes in outputs
[NX Daemon Server] - 2023-11-09T06:53:43.699Z - [WATCHER]: Processing file changes in outputs
[NX Daemon Server] - 2023-11-09T06:53:43.750Z - [WATCHER]: Processing file changes in outputs
[NX Daemon Server] - 2023-11-09T06:53:43.802Z - [WATCHER]: Processing file changes in outputs
[NX Daemon Server] - 2023-11-09T06:53:43.853Z - [WATCHER]: Processing file changes in outputs
[NX Daemon Server] - 2023-11-09T06:53:43.905Z - [WATCHER]: Processing file changes in outputs
[NX Daemon Server] - 2023-11-09T06:53:43.956Z - [WATCHER]: Processing file changes in outputs
[NX Daemon Server] - 2023-11-09T06:53:44.008Z - [WATCHER]: Processing file changes in outputs
[NX Daemon Server] - 2023-11-09T06:53:44.059Z - [WATCHER]: Processing file changes in outputs
[NX Daemon Server] - 2023-11-09T06:53:44.110Z - [WATCHER]: Processing file changes in outputs
[NX Daemon Server] - 2023-11-09T06:53:44.161Z - [WATCHER]: Processing file changes in outputs
[NX Daemon Server] - 2023-11-09T06:53:44.213Z - [WATCHER]: Processing file changes in outputs
[NX Daemon Server] - 2023-11-09T06:53:44.264Z - [WATCHER]: Processing file changes in outputs
[NX Daemon Server] - 2023-11-09T06:53:44.316Z - [WATCHER]: Processing file changes in outputs
[NX Daemon Server] - 2023-11-09T06:53:44.367Z - [WATCHER]: Processing file changes in outputs
[NX Daemon Server] - 2023-11-09T06:53:44.419Z - [WATCHER]: Processing file changes in outputs
[NX Daemon Server] - 2023-11-09T06:53:44.470Z - [WATCHER]: Processing file changes in outputs
[NX Daemon Server] - 2023-11-09T06:53:44.522Z - [WATCHER]: Processing file changes in outputs
[NX Daemon Server] - 2023-11-09T06:53:44.573Z - [WATCHER]: Processing file changes in outputs
[NX Daemon Server] - 2023-11-09T06:53:44.625Z - [WATCHER]: Processing file changes in outputs
[NX Daemon Server] - 2023-11-09T06:53:44.676Z - [WATCHER]: Processing file changes in outputs
[NX Daemon Server] - 2023-11-09T06:53:44.726Z - [WATCHER]: Processing file changes in outputs
[NX Daemon Server] - 2023-11-09T06:53:44.778Z - [WATCHER]: Processing file changes in outputs
[NX Daemon Server] - 2023-11-09T06:53:44.829Z - [WATCHER]: Processing file changes in outputs
[NX Daemon Server] - 2023-11-09T06:53:44.880Z - [WATCHER]: Processing file changes in outputs
[NX Daemon Server] - 2023-11-09T06:53:44.931Z - [WATCHER]: Processing file changes in outputs
[NX Daemon Server] - 2023-11-09T06:53:44.983Z - [WATCHER]: Processing file changes in outputs
[NX Daemon Server] - 2023-11-09T06:53:45.034Z - [WATCHER]: Processing file changes in outputs
[NX Daemon Server] - 2023-11-09T06:53:45.086Z - [WATCHER]: Processing file changes in outputs
[NX Daemon Server] - 2023-11-09T06:53:45.137Z - [WATCHER]: Processing file changes in outputs
[NX Daemon Server] - 2023-11-09T06:53:45.189Z - [WATCHER]: Processing file changes in outputs
[NX Daemon Server] - 2023-11-09T06:53:45.240Z - [WATCHER]: Processing file changes in outputs
[NX Daemon Server] - 2023-11-09T06:53:45.291Z - [WATCHER]: Processing file changes in outputs
[NX Daemon Server] - 2023-11-09T06:53:45.342Z - [WATCHER]: Processing file changes in outputs
[NX Daemon Server] - 2023-11-09T06:53:45.394Z - [WATCHER]: Processing file changes in outputs
[NX Daemon Server] - 2023-11-09T06:53:45.445Z - [WATCHER]: Processing file changes in outputs
[NX Daemon Server] - 2023-11-09T06:53:45.497Z - [WATCHER]: Processing file changes in outputs
[NX Daemon Server] - 2023-11-09T06:53:45.548Z - [WATCHER]: Processing file changes in outputs
[NX Daemon Server] - 2023-11-09T06:53:45.600Z - [WATCHER]: Processing file changes in outputs
[NX Daemon Server] - 2023-11-09T06:53:45.651Z - [WATCHER]: Processing file changes in outputs
[NX Daemon Server] - 2023-11-09T06:53:45.703Z - [WATCHER]: Processing file changes in outputs
[NX Daemon Server] - 2023-11-09T06:53:45.754Z - [WATCHER]: Processing file changes in outputs
[NX Daemon Server] - 2023-11-09T06:53:45.805Z - [WATCHER]: Processing file changes in outputs
[NX Daemon Server] - 2023-11-09T06:53:45.856Z - [WATCHER]: Processing file changes in outputs
[NX Daemon Server] - 2023-11-09T06:53:45.907Z - [WATCHER]: Processing file changes in outputs
[NX Daemon Server] - 2023-11-09T06:53:45.959Z - [WATCHER]: Processing file changes in outputs
[NX Daemon Server] - 2023-11-09T06:53:46.010Z - [WATCHER]: Processing file changes in outputs
[NX Daemon Server] - 2023-11-09T06:53:46.062Z - [WATCHER]: Processing file changes in outputs
[NX Daemon Server] - 2023-11-09T06:53:46.113Z - [WATCHER]: Processing file changes in outputs
[NX Daemon Server] - 2023-11-09T06:53:46.165Z - [WATCHER]: Processing file changes in outputs
[NX Daemon Server] - 2023-11-09T06:53:46.216Z - [WATCHER]: Processing file changes in outputs
[NX Daemon Server] - 2023-11-09T06:53:46.268Z - [WATCHER]: Processing file changes in outputs
[NX Daemon Server] - 2023-11-09T06:53:46.319Z - [WATCHER]: Processing file changes in outputs
[NX Daemon Server] - 2023-11-09T06:53:46.371Z - [WATCHER]: Processing file changes in outputs
[NX Daemon Server] - 2023-11-09T06:53:46.422Z - [WATCHER]: Processing file changes in outputs
[NX Daemon Server] - 2023-11-09T06:53:46.474Z - [WATCHER]: Processing file changes in outputs
[NX Daemon Server] - 2023-11-09T06:53:46.525Z - [WATCHER]: Processing file changes in outputs
[NX Daemon Server] - 2023-11-09T06:53:46.577Z - [WATCHER]: Processing file changes in outputs
[NX Daemon Server] - 2023-11-09T06:53:46.628Z - [WATCHER]: Processing file changes in outputs
[NX Daemon Server] - 2023-11-09T06:53:46.680Z - [WATCHER]: Processing file changes in outputs
[NX Daemon Server] - 2023-11-09T06:53:46.731Z - [WATCHER]: Processing file changes in outputs
[NX Daemon Server] - 2023-11-09T06:53:46.782Z - [WATCHER]: Processing file changes in outputs
[NX Daemon Server] - 2023-11-09T06:53:46.834Z - [WATCHER]: Processing file changes in outputs
[NX Daemon Server] - 2023-11-09T06:53:46.884Z - [WATCHER]: Processing file changes in outputs
[NX Daemon Server] - 2023-11-09T06:53:46.936Z - [WATCHER]: Processing file changes in outputs
[NX Daemon Server] - 2023-11-09T06:53:46.987Z - [WATCHER]: Processing file changes in outputs
[NX Daemon Server] - 2023-11-09T06:53:47.039Z - [WATCHER]: Processing file changes in outputs
[NX Daemon Server] - 2023-11-09T06:53:47.090Z - [WATCHER]: Processing file changes in outputs
[NX Daemon Server] - 2023-11-09T06:53:47.142Z - [WATCHER]: Processing file changes in outputs
[NX Daemon Server] - 2023-11-09T06:53:47.193Z - [WATCHER]: Processing file changes in outputs
[NX Daemon Server] - 2023-11-09T06:53:47.244Z - [WATCHER]: Processing file changes in outputs
[NX Daemon Server] - 2023-11-09T06:53:47.296Z - [WATCHER]: Processing file changes in outputs
[NX Daemon Server] - 2023-11-09T06:53:47.346Z - [WATCHER]: Processing file changes in outputs
[NX Daemon Server] - 2023-11-09T06:53:47.398Z - [WATCHER]: Processing file changes in outputs
[NX Daemon Server] - 2023-11-09T06:53:47.449Z - [WATCHER]: Processing file changes in outputs
[NX Daemon Server] - 2023-11-09T06:53:47.501Z - [WATCHER]: Processing file changes in outputs
[NX Daemon Server] - 2023-11-09T06:53:47.552Z - [WATCHER]: Processing file changes in outputs
[NX Daemon Server] - 2023-11-09T06:53:47.604Z - [WATCHER]: Processing file changes in outputs
[NX Daemon Server] - 2023-11-09T06:53:47.655Z - [WATCHER]: Processing file changes in outputs
[NX Daemon Server] - 2023-11-09T06:53:47.707Z - [WATCHER]: Processing file changes in outputs
[NX Daemon Server] - 2023-11-09T06:53:47.758Z - [WATCHER]: Processing file changes in outputs
[NX Daemon Server] - 2023-11-09T06:53:47.810Z - [WATCHER]: Processing file changes in outputs
[NX Daemon Server] - 2023-11-09T06:53:47.861Z - [WATCHER]: Processing file changes in outputs
[NX Daemon Server] - 2023-11-09T06:53:47.913Z - [WATCHER]: Processing file changes in outputs
[NX Daemon Server] - 2023-11-09T06:53:47.964Z - [WATCHER]: Processing file changes in outputs
[NX Daemon Server] - 2023-11-09T06:53:48.016Z - [WATCHER]: Processing file changes in outputs
[NX Daemon Server] - 2023-11-09T06:53:48.067Z - [WATCHER]: Processing file changes in outputs
[NX Daemon Server] - 2023-11-09T06:53:48.117Z - [WATCHER]: Processing file changes in outputs
[NX Daemon Server] - 2023-11-09T06:53:48.169Z - [WATCHER]: Processing file changes in outputs
[NX Daemon Server] - 2023-11-09T06:53:48.220Z - [WATCHER]: Processing file changes in outputs
[NX Daemon Server] - 2023-11-09T06:53:48.271Z - [WATCHER]: Processing file changes in outputs
[NX Daemon Server] - 2023-11-09T06:53:48.323Z - [WATCHER]: Processing file changes in outputs
[NX Daemon Server] - 2023-11-09T06:53:48.374Z - [WATCHER]: Processing file changes in outputs
[NX Daemon Server] - 2023-11-09T06:53:48.425Z - [WATCHER]: Processing file changes in outputs
[NX Daemon Server] - 2023-11-09T06:53:48.477Z - [WATCHER]: Processing file changes in outputs
[NX Daemon Server] - 2023-11-09T06:53:48.528Z - [WATCHER]: Processing file changes in outputs
[NX Daemon Server] - 2023-11-09T06:53:48.580Z - [WATCHER]: Processing file changes in outputs
[NX Daemon Server] - 2023-11-09T06:53:48.631Z - [WATCHER]: Processing file changes in outputs
[NX Daemon Server] - 2023-11-09T06:53:48.683Z - [WATCHER]: Processing file changes in outputs
[NX Daemon Server] - 2023-11-09T06:53:48.734Z - [WATCHER]: Processing file changes in outputs
[NX Daemon Server] - 2023-11-09T06:53:48.786Z - [WATCHER]: Processing file changes in outputs
[NX Daemon Server] - 2023-11-09T06:53:48.837Z - [WATCHER]: Processing file changes in outputs
[NX Daemon Server] - 2023-11-09T06:53:48.889Z - [WATCHER]: Processing file changes in outputs
[NX Daemon Server] - 2023-11-09T06:53:48.940Z - [WATCHER]: Processing file changes in outputs
[NX Daemon Server] - 2023-11-09T06:53:48.991Z - [WATCHER]: Processing file changes in outputs
[NX Daemon Server] - 2023-11-09T06:53:49.042Z - [WATCHER]: Processing file changes in outputs
[NX Daemon Server] - 2023-11-09T06:53:49.094Z - [WATCHER]: Processing file changes in outputs
[NX Daemon Server] - 2023-11-09T06:53:49.145Z - [WATCHER]: Processing file changes in outputs
[NX Daemon Server] - 2023-11-09T06:53:49.197Z - [WATCHER]: Processing file changes in outputs
[NX Daemon Server] - 2023-11-09T06:53:49.248Z - [WATCHER]: Processing file changes in outputs
[NX Daemon Server] - 2023-11-09T06:53:49.300Z - [WATCHER]: Processing file changes in outputs
[NX Daemon Server] - 2023-11-09T06:53:49.351Z - [WATCHER]: Processing file changes in outputs
[NX Daemon Server] - 2023-11-09T06:53:49.403Z - [WATCHER]: Processing file changes in outputs
[NX Daemon Server] - 2023-11-09T06:53:49.454Z - [WATCHER]: Processing file changes in outputs
[NX Daemon Server] - 2023-11-09T06:53:49.506Z - [WATCHER]: Processing file changes in outputs
[NX Daemon Server] - 2023-11-09T06:53:49.557Z - [WATCHER]: Processing file changes in outputs
[NX Daemon Server] - 2023-11-09T06:53:49.608Z - [WATCHER]: Processing file changes in outputs
[NX Daemon Server] - 2023-11-09T06:53:49.659Z - [WATCHER]: Processing file changes in outputs
[NX Daemon Server] - 2023-11-09T06:53:49.710Z - [WATCHER]: Processing file changes in outputs
[NX Daemon Server] - 2023-11-09T06:53:49.761Z - [WATCHER]: Processing file changes in outputs
[NX Daemon Server] - 2023-11-09T06:53:49.813Z - [WATCHER]: Processing file changes in outputs
[NX Daemon Server] - 2023-11-09T06:53:49.864Z - [WATCHER]: Processing file changes in outputs
[NX Daemon Server] - 2023-11-09T06:53:49.915Z - [WATCHER]: Processing file changes in outputs
[NX Daemon Server] - 2023-11-09T06:53:49.967Z - [WATCHER]: Processing file changes in outputs
[NX Daemon Server] - 2023-11-09T06:53:50.018Z - [WATCHER]: Processing file changes in outputs
[NX Daemon Server] - 2023-11-09T06:53:50.070Z - [WATCHER]: Processing file changes in outputs
[NX Daemon Server] - 2023-11-09T06:53:50.121Z - [WATCHER]: Processing file changes in outputs
[NX Daemon Server] - 2023-11-09T06:53:50.173Z - [WATCHER]: Processing file changes in outputs
[NX Daemon Server] - 2023-11-09T06:53:50.224Z - [WATCHER]: Processing file changes in outputs
[NX Daemon Server] - 2023-11-09T06:53:50.276Z - [WATCHER]: Processing file changes in outputs
[NX Daemon Server] - 2023-11-09T06:53:50.327Z - [WATCHER]: Processing file changes in outputs
[NX Daemon Server] - 2023-11-09T06:53:50.379Z - [WATCHER]: Processing file changes in outputs
[NX Daemon Server] - 2023-11-09T06:53:50.430Z - [WATCHER]: Processing file changes in outputs
[NX Daemon Server] - 2023-11-09T06:53:50.482Z - [WATCHER]: Processing file changes in outputs
[NX Daemon Server] - 2023-11-09T06:53:50.533Z - [WATCHER]: Processing file changes in outputs
[NX Daemon Server] - 2023-11-09T06:53:50.585Z - [WATCHER]: Processing file changes in outputs
[NX Daemon Server] - 2023-11-09T06:53:50.636Z - [WATCHER]: Processing file changes in outputs
[NX Daemon Server] - 2023-11-09T06:53:50.688Z - [WATCHER]: Processing file changes in outputs
[NX Daemon Server] - 2023-11-09T06:53:50.739Z - [WATCHER]: Processing file changes in outputs
[NX Daemon Server] - 2023-11-09T06:53:50.791Z - [WATCHER]: Processing file changes in outputs
[NX Daemon Server] - 2023-11-09T06:53:50.841Z - [WATCHER]: Processing file changes in outputs
[NX Daemon Server] - 2023-11-09T06:53:50.893Z - [WATCHER]: Processing file changes in outputs
[NX Daemon Server] - 2023-11-09T06:53:50.945Z - [WATCHER]: Processing file changes in outputs
[NX Daemon Server] - 2023-11-09T06:53:50.996Z - [WATCHER]: Processing file changes in outputs
[NX Daemon Server] - 2023-11-09T06:53:51.048Z - [WATCHER]: Processing file changes in outputs
[NX Daemon Server] - 2023-11-09T06:53:51.099Z - [WATCHER]: Processing file changes in outputs
[NX Daemon Server] - 2023-11-09T06:53:51.149Z - [WATCHER]: Processing file changes in outputs
[NX Daemon Server] - 2023-11-09T06:53:51.201Z - [WATCHER]: Processing file changes in outputs
[NX Daemon Server] - 2023-11-09T06:53:51.252Z - [WATCHER]: Processing file changes in outputs
[NX Daemon Server] - 2023-11-09T06:53:51.304Z - [WATCHER]: Processing file changes in outputs
[NX Daemon Server] - 2023-11-09T06:53:51.355Z - [WATCHER]: Processing file changes in outputs
[NX Daemon Server] - 2023-11-09T06:53:51.407Z - [WATCHER]: Processing file changes in outputs
[NX Daemon Server] - 2023-11-09T06:53:51.458Z - [WATCHER]: Processing file changes in outputs
[NX Daemon Server] - 2023-11-09T06:53:51.510Z - [WATCHER]: Processing file changes in outputs
[NX Daemon Server] - 2023-11-09T06:53:51.561Z - [WATCHER]: Processing file changes in outputs
[NX Daemon Server] - 2023-11-09T06:53:51.613Z - [WATCHER]: Processing file changes in outputs
[NX Daemon Server] - 2023-11-09T06:53:51.664Z - [WATCHER]: Processing file changes in outputs
[NX Daemon Server] - 2023-11-09T06:53:51.715Z - [WATCHER]: Processing file changes in outputs
[NX Daemon Server] - 2023-11-09T06:53:51.767Z - [WATCHER]: Processing file changes in outputs
[NX Daemon Server] - 2023-11-09T06:53:51.818Z - [WATCHER]: Processing file changes in outputs
[NX Daemon Server] - 2023-11-09T06:53:51.870Z - [WATCHER]: Processing file changes in outputs
[NX Daemon Server] - 2023-11-09T06:53:51.921Z - [WATCHER]: Processing file changes in outputs
[NX Daemon Server] - 2023-11-09T06:53:51.973Z - [WATCHER]: Processing file changes in outputs
[NX Daemon Server] - 2023-11-09T06:53:52.024Z - [WATCHER]: Processing file changes in outputs
[NX Daemon Server] - 2023-11-09T06:53:52.075Z - [WATCHER]: Processing file changes in outputs
[NX Daemon Server] - 2023-11-09T06:53:52.126Z - [WATCHER]: Processing file changes in outputs
[NX Daemon Server] - 2023-11-09T06:53:52.178Z - [WATCHER]: Processing file changes in outputs
[NX Daemon Server] - 2023-11-09T06:53:52.229Z - [WATCHER]: Processing file changes in outputs
[NX Daemon Server] - 2023-11-09T06:53:52.281Z - [WATCHER]: Processing file changes in outputs
[NX Daemon Server] - 2023-11-09T06:53:52.332Z - [WATCHER]: Processing file changes in outputs
[NX Daemon Server] - 2023-11-09T06:53:52.384Z - [WATCHER]: Processing file changes in outputs
[NX Daemon Server] - 2023-11-09T06:53:52.435Z - [WATCHER]: Processing file changes in outputs
[NX Daemon Server] - 2023-11-09T06:53:52.487Z - [WATCHER]: Processing file changes in outputs
[NX Daemon Server] - 2023-11-09T06:53:52.538Z - [WATCHER]: Processing file changes in outputs
[NX Daemon Server] - 2023-11-09T06:53:52.590Z - [WATCHER]: Processing file changes in outputs
[NX Daemon Server] - 2023-11-09T06:53:52.641Z - [WATCHER]: Processing file changes in outputs
[NX Daemon Server] - 2023-11-09T06:53:52.693Z - [WATCHER]: Processing file changes in outputs
[NX Daemon Server] - 2023-11-09T06:53:52.743Z - [WATCHER]: Processing file changes in outputs
[NX Daemon Server] - 2023-11-09T06:53:52.795Z - [WATCHER]: Processing file changes in outputs
[NX Daemon Server] - 2023-11-09T06:53:52.847Z - [WATCHER]: Processing file changes in outputs
[NX Daemon Server] - 2023-11-09T06:53:52.898Z - [WATCHER]: Processing file changes in outputs
[NX Daemon Server] - 2023-11-09T06:53:52.950Z - [WATCHER]: Processing file changes in outputs
[NX Daemon Server] - 2023-11-09T06:53:53.001Z - [WATCHER]: Processing file changes in outputs
[NX Daemon Server] - 2023-11-09T06:53:53.053Z - [WATCHER]: Processing file changes in outputs
[NX Daemon Server] - 2023-11-09T06:53:53.104Z - [WATCHER]: Processing file changes in outputs
[NX Daemon Server] - 2023-11-09T06:53:53.156Z - [WATCHER]: Processing file changes in outputs
[NX Daemon Server] - 2023-11-09T06:53:53.207Z - [WATCHER]: Processing file changes in outputs
[NX Daemon Server] - 2023-11-09T06:53:53.259Z - [WATCHER]: Processing file changes in outputs
[NX Daemon Server] - 2023-11-09T06:53:53.310Z - [WATCHER]: Processing file changes in outputs
[NX Daemon Server] - 2023-11-09T06:53:53.362Z - [WATCHER]: Processing file changes in outputs
[NX Daemon Server] - 2023-11-09T06:53:53.414Z - [WATCHER]: Processing file changes in outputs
[NX Daemon Server] - 2023-11-09T06:53:53.465Z - [WATCHER]: Processing file changes in outputs
[NX Daemon Server] - 2023-11-09T06:53:53.517Z - [WATCHER]: Processing file changes in outputs
[NX Daemon Server] - 2023-11-09T06:53:53.568Z - [WATCHER]: Processing file changes in outputs
[NX Daemon Server] - 2023-11-09T06:53:53.620Z - [WATCHER]: Processing file changes in outputs
[NX Daemon Server] - 2023-11-09T06:53:53.671Z - [WATCHER]: Processing file changes in outputs
[NX Daemon Server] - 2023-11-09T06:53:53.723Z - [WATCHER]: Processing file changes in outputs
[NX Daemon Server] - 2023-11-09T06:53:53.773Z - [WATCHER]: Processing file changes in outputs
[NX Daemon Server] - 2023-11-09T06:53:53.825Z - [WATCHER]: Processing file changes in outputs
[NX Daemon Server] - 2023-11-09T06:53:53.876Z - [WATCHER]: Processing file changes in outputs
[NX Daemon Server] - 2023-11-09T06:53:53.928Z - [WATCHER]: Processing file changes in outputs
[NX Daemon Server] - 2023-11-09T06:53:53.979Z - [WATCHER]: Processing file changes in outputs
[NX Daemon Server] - 2023-11-09T06:53:54.030Z - [WATCHER]: Processing file changes in outputs
[NX Daemon Server] - 2023-11-09T06:53:54.082Z - [WATCHER]: Processing file changes in outputs
[NX Daemon Server] - 2023-11-09T06:53:54.133Z - [WATCHER]: Processing file changes in outputs
[NX Daemon Server] - 2023-11-09T06:53:54.185Z - [WATCHER]: Processing file changes in outputs
[NX Daemon Server] - 2023-11-09T06:53:54.236Z - [WATCHER]: Processing file changes in outputs
[NX Daemon Server] - 2023-11-09T06:53:54.288Z - [WATCHER]: Processing file changes in outputs
[NX Daemon Server] - 2023-11-09T06:53:54.339Z - [WATCHER]: Processing file changes in outputs
[NX Daemon Server] - 2023-11-09T06:53:54.391Z - [WATCHER]: Processing file changes in outputs
[NX Daemon Server] - 2023-11-09T06:53:54.442Z - [WATCHER]: Processing file changes in outputs
[NX Daemon Server] - 2023-11-09T06:53:54.494Z - [WATCHER]: Processing file changes in outputs
[NX Daemon Server] - 2023-11-09T06:53:54.545Z - [WATCHER]: Processing file changes in outputs
[NX Daemon Server] - 2023-11-09T06:53:54.597Z - [WATCHER]: Processing file changes in outputs
[NX Daemon Server] - 2023-11-09T06:53:54.648Z - [WATCHER]: Processing file changes in outputs
[NX Daemon Server] - 2023-11-09T06:53:54.700Z - [WATCHER]: Processing file changes in outputs
[NX Daemon Server] - 2023-11-09T06:53:54.752Z - [WATCHER]: Processing file changes in outputs
[NX Daemon Server] - 2023-11-09T06:53:54.803Z - [WATCHER]: Processing file changes in outputs
[NX Daemon Server] - 2023-11-09T06:53:54.855Z - [WATCHER]: Processing file changes in outputs
[NX Daemon Server] - 2023-11-09T06:53:54.906Z - [WATCHER]: Processing file changes in outputs
[NX Daemon Server] - 2023-11-09T06:53:54.958Z - [WATCHER]: Processing file changes in outputs
[NX Daemon Server] - 2023-11-09T06:53:55.009Z - [WATCHER]: Processing file changes in outputs
[NX Daemon Server] - 2023-11-09T06:53:55.060Z - [WATCHER]: Processing file changes in outputs
[NX Daemon Server] - 2023-11-09T06:53:55.111Z - [WATCHER]: Processing file changes in outputs
[NX Daemon Server] - 2023-11-09T06:53:55.163Z - [WATCHER]: Processing file changes in outputs
[NX Daemon Server] - 2023-11-09T06:53:55.214Z - [WATCHER]: Processing file changes in outputs
[NX Daemon Server] - 2023-11-09T06:53:55.265Z - [WATCHER]: Processing file changes in outputs
[NX Daemon Server] - 2023-11-09T06:53:55.316Z - [WATCHER]: Processing file changes in outputs
[NX Daemon Server] - 2023-11-09T06:53:55.367Z - [WATCHER]: Processing file changes in outputs
[NX Daemon Server] - 2023-11-09T06:53:55.418Z - [WATCHER]: Processing file changes in outputs
[NX Daemon Server] - 2023-11-09T06:53:55.469Z - [WATCHER]: Processing file changes in outputs
[NX Daemon Server] - 2023-11-09T06:53:55.521Z - [WATCHER]: Processing file changes in outputs
[NX Daemon Server] - 2023-11-09T06:53:55.572Z - [WATCHER]: Processing file changes in outputs
[NX Daemon Server] - 2023-11-09T06:53:55.624Z - [WATCHER]: Processing file changes in outputs
[NX Daemon Server] - 2023-11-09T06:53:55.675Z - [WATCHER]: Processing file changes in outputs
[NX Daemon Server] - 2023-11-09T06:53:55.727Z - [WATCHER]: Processing file changes in outputs
[NX Daemon Server] - 2023-11-09T06:53:55.778Z - [WATCHER]: Processing file changes in outputs
[NX Daemon Server] - 2023-11-09T06:53:55.830Z - [WATCHER]: Processing file changes in outputs
[NX Daemon Server] - 2023-11-09T06:53:55.881Z - [WATCHER]: Processing file changes in outputs
[NX Daemon Server] - 2023-11-09T06:53:55.933Z - [WATCHER]: Processing file changes in outputs
[NX Daemon Server] - 2023-11-09T06:53:55.984Z - [WATCHER]: Processing file changes in outputs
[NX Daemon Server] - 2023-11-09T06:53:56.036Z - [WATCHER]: Processing file changes in outputs
[NX Daemon Server] - 2023-11-09T06:53:56.087Z - [WATCHER]: Processing file changes in outputs
[NX Daemon Server] - 2023-11-09T06:53:56.139Z - [WATCHER]: Processing file changes in outputs
[NX Daemon Server] - 2023-11-09T06:53:56.190Z - [WATCHER]: Processing file changes in outputs
[NX Daemon Server] - 2023-11-09T06:53:56.242Z - [WATCHER]: Processing file changes in outputs
[NX Daemon Server] - 2023-11-09T06:53:56.293Z - [WATCHER]: Processing file changes in outputs
[NX Daemon Server] - 2023-11-09T06:53:56.344Z - [WATCHER]: Processing file changes in outputs
[NX Daemon Server] - 2023-11-09T06:53:56.396Z - [WATCHER]: Processing file changes in outputs
[NX Daemon Server] - 2023-11-09T06:53:56.447Z - [WATCHER]: Processing file changes in outputs
[NX Daemon Server] - 2023-11-09T06:53:56.499Z - [WATCHER]: Processing file changes in outputs
[NX Daemon Server] - 2023-11-09T06:53:56.550Z - [WATCHER]: Processing file changes in outputs
[NX Daemon Server] - 2023-11-09T06:53:56.602Z - [WATCHER]: Processing file changes in outputs
[NX Daemon Server] - 2023-11-09T06:53:56.653Z - [WATCHER]: Processing file changes in outputs
[NX Daemon Server] - 2023-11-09T06:53:56.705Z - [WATCHER]: Processing file changes in outputs
[NX Daemon Server] - 2023-11-09T06:53:56.756Z - [WATCHER]: Processing file changes in outputs
[NX Daemon Server] - 2023-11-09T06:53:56.808Z - [WATCHER]: Processing file changes in outputs
[NX Daemon Server] - 2023-11-09T06:53:56.859Z - [WATCHER]: Processing file changes in outputs
[NX Daemon Server] - 2023-11-09T06:53:56.910Z - [WATCHER]: Processing file changes in outputs
[NX Daemon Server] - 2023-11-09T06:53:56.961Z - [WATCHER]: Processing file changes in outputs
[NX Daemon Server] - 2023-11-09T06:53:57.012Z - [WATCHER]: Processing file changes in outputs
[NX Daemon Server] - 2023-11-09T06:53:57.063Z - [WATCHER]: Processing file changes in outputs
[NX Daemon Server] - 2023-11-09T06:53:57.113Z - [WATCHER]: Processing file changes in outputs
[NX Daemon Server] - 2023-11-09T06:53:57.165Z - [WATCHER]: Processing file changes in outputs
[NX Daemon Server] - 2023-11-09T06:53:57.216Z - [WATCHER]: Processing file changes in outputs
[NX Daemon Server] - 2023-11-09T06:53:57.268Z - [WATCHER]: Processing file changes in outputs
[NX Daemon Server] - 2023-11-09T06:53:57.319Z - [WATCHER]: Processing file changes in outputs
[NX Daemon Server] - 2023-11-09T06:53:57.371Z - [WATCHER]: Processing file changes in outputs
[NX Daemon Server] - 2023-11-09T06:53:57.422Z - [WATCHER]: Processing file changes in outputs
[NX Daemon Server] - 2023-11-09T06:53:57.474Z - [WATCHER]: Processing file changes in outputs
[NX Daemon Server] - 2023-11-09T06:53:57.525Z - [WATCHER]: Processing file changes in outputs
[NX Daemon Server] - 2023-11-09T06:53:57.577Z - [WATCHER]: Processing file changes in outputs
[NX Daemon Server] - 2023-11-09T06:53:57.629Z - [WATCHER]: Processing file changes in outputs
[NX Daemon Server] - 2023-11-09T06:53:57.680Z - [WATCHER]: Processing file changes in outputs
[NX Daemon Server] - 2023-11-09T06:53:57.732Z - [WATCHER]: Processing file changes in outputs
[NX Daemon Server] - 2023-11-09T06:53:57.783Z - [WATCHER]: Processing file changes in outputs
[NX Daemon Server] - 2023-11-09T06:53:57.835Z - [WATCHER]: Processing file changes in outputs
[NX Daemon Server] - 2023-11-09T06:53:57.887Z - [WATCHER]: Processing file changes in outputs
[NX Daemon Server] - 2023-11-09T06:53:57.938Z - [WATCHER]: Processing file changes in outputs
[NX Daemon Server] - 2023-11-09T06:53:57.989Z - [WATCHER]: Processing file changes in outputs
[NX Daemon Server] - 2023-11-09T06:53:58.041Z - [WATCHER]: Processing file changes in outputs
[NX Daemon Server] - 2023-11-09T06:53:58.092Z - [WATCHER]: Processing file changes in outputs
[NX Daemon Server] - 2023-11-09T06:53:58.144Z - [WATCHER]: Processing file changes in outputs
[NX Daemon Server] - 2023-11-09T06:53:58.195Z - [WATCHER]: Processing file changes in outputs
[NX Daemon Server] - 2023-11-09T06:53:58.247Z - [WATCHER]: Processing file changes in outputs
[NX Daemon Server] - 2023-11-09T06:53:58.298Z - [WATCHER]: Processing file changes in outputs
[NX Daemon Server] - 2023-11-09T06:53:58.350Z - [WATCHER]: Processing file changes in outputs
[NX Daemon Server] - 2023-11-09T06:53:58.401Z - [WATCHER]: Processing file changes in outputs
[NX Daemon Server] - 2023-11-09T06:53:58.453Z - [WATCHER]: Processing file changes in outputs
[NX Daemon Server] - 2023-11-09T06:53:58.504Z - [WATCHER]: Processing file changes in outputs
[NX Daemon Server] - 2023-11-09T06:53:58.556Z - [WATCHER]: Processing file changes in outputs
[NX Daemon Server] - 2023-11-09T06:53:58.607Z - [WATCHER]: Processing file changes in outputs
[NX Daemon Server] - 2023-11-09T06:53:58.659Z - [WATCHER]: Processing file changes in outputs
[NX Daemon Server] - 2023-11-09T06:53:58.710Z - [WATCHER]: Processing file changes in outputs
[NX Daemon Server] - 2023-11-09T06:53:58.762Z - [WATCHER]: Processing file changes in outputs
[NX Daemon Server] - 2023-11-09T06:53:58.813Z - [WATCHER]: Processing file changes in outputs
[NX Daemon Server] - 2023-11-09T06:53:58.864Z - [WATCHER]: Processing file changes in outputs
[NX Daemon Server] - 2023-11-09T06:53:58.916Z - [WATCHER]: Processing file changes in outputs
[NX Daemon Server] - 2023-11-09T06:53:58.967Z - [WATCHER]: Processing file changes in outputs
[NX Daemon Server] - 2023-11-09T06:53:59.019Z - [WATCHER]: Processing file changes in outputs
[NX Daemon Server] - 2023-11-09T06:53:59.070Z - [WATCHER]: Processing file changes in outputs
[NX Daemon Server] - 2023-11-09T06:53:59.122Z - [WATCHER]: Processing file changes in outputs
[NX Daemon Server] - 2023-11-09T06:53:59.173Z - [WATCHER]: Processing file changes in outputs
[NX Daemon Server] - 2023-11-09T06:53:59.225Z - [WATCHER]: Processing file changes in outputs
[NX Daemon Server] - 2023-11-09T06:53:59.276Z - [WATCHER]: Processing file changes in outputs
[NX Daemon Server] - 2023-11-09T06:53:59.328Z - [WATCHER]: Processing file changes in outputs
[NX Daemon Server] - 2023-11-09T06:53:59.379Z - [WATCHER]: Processing file changes in outputs
[NX Daemon Server] - 2023-11-09T06:53:59.431Z - [WATCHER]: Processing file changes in outputs
[NX Daemon Server] - 2023-11-09T06:53:59.482Z - [WATCHER]: Processing file changes in outputs
[NX Daemon Server] - 2023-11-09T06:53:59.534Z - [WATCHER]: Processing file changes in outputs
[NX Daemon Server] - 2023-11-09T06:53:59.586Z - [WATCHER]: Processing file changes in outputs
[NX Daemon Server] - 2023-11-09T06:53:59.637Z - [WATCHER]: Processing file changes in outputs
[NX Daemon Server] - 2023-11-09T06:53:59.688Z - [WATCHER]: Processing file changes in outputs
[NX Daemon Server] - 2023-11-09T06:53:59.739Z - [WATCHER]: Processing file changes in outputs
[NX Daemon Server] - 2023-11-09T06:53:59.791Z - [WATCHER]: Processing file changes in outputs
[NX Daemon Server] - 2023-11-09T06:53:59.842Z - [WATCHER]: Processing file changes in outputs
[NX Daemon Server] - 2023-11-09T06:53:59.892Z - [WATCHER]: Processing file changes in outputs
[NX Daemon Server] - 2023-11-09T06:53:59.944Z - [WATCHER]: Processing file changes in outputs
[NX Daemon Server] - 2023-11-09T06:53:59.995Z - [WATCHER]: Processing file changes in outputs
[NX Daemon Server] - 2023-11-09T06:54:00.047Z - [WATCHER]: Processing file changes in outputs
[NX Daemon Server] - 2023-11-09T06:54:00.098Z - [WATCHER]: Processing file changes in outputs
[NX Daemon Server] - 2023-11-09T06:54:00.150Z - [WATCHER]: Processing file changes in outputs
[NX Daemon Server] - 2023-11-09T06:54:00.200Z - [WATCHER]: Processing file changes in outputs
[NX Daemon Server] - 2023-11-09T06:54:00.252Z - [WATCHER]: Processing file changes in outputs
[NX Daemon Server] - 2023-11-09T06:54:00.303Z - [WATCHER]: Processing file changes in outputs
[NX Daemon Server] - 2023-11-09T06:54:00.355Z - [WATCHER]: Processing file changes in outputs
[NX Daemon Server] - 2023-11-09T06:54:00.405Z - [WATCHER]: Processing file changes in outputs
[NX Daemon Server] - 2023-11-09T06:54:00.457Z - [WATCHER]: Processing file changes in outputs
[NX Daemon Server] - 2023-11-09T06:54:00.509Z - [WATCHER]: Processing file changes in outputs
[NX Daemon Server] - 2023-11-09T06:54:00.560Z - [WATCHER]: Processing file changes in outputs
[NX Daemon Server] - 2023-11-09T06:54:00.612Z - [WATCHER]: Processing file changes in outputs
[NX Daemon Server] - 2023-11-09T06:54:00.663Z - [WATCHER]: Processing file changes in outputs
[NX Daemon Server] - 2023-11-09T06:54:00.715Z - [WATCHER]: Processing file changes in outputs
[NX Daemon Server] - 2023-11-09T06:54:00.766Z - [WATCHER]: Processing file changes in outputs
[NX Daemon Server] - 2023-11-09T06:54:00.818Z - [WATCHER]: Processing file changes in outputs
[NX Daemon Server] - 2023-11-09T06:54:00.869Z - [WATCHER]: Processing file changes in outputs
[NX Daemon Server] - 2023-11-09T06:54:00.920Z - [WATCHER]: Processing file changes in outputs
[NX Daemon Server] - 2023-11-09T06:54:00.972Z - [WATCHER]: Processing file changes in outputs
[NX Daemon Server] - 2023-11-09T06:54:01.023Z - [WATCHER]: Processing file changes in outputs
[NX Daemon Server] - 2023-11-09T06:54:01.075Z - [WATCHER]: Processing file changes in outputs
[NX Daemon Server] - 2023-11-09T06:54:01.126Z - [WATCHER]: Processing file changes in outputs
[NX Daemon Server] - 2023-11-09T06:54:01.178Z - [WATCHER]: Processing file changes in outputs
[NX Daemon Server] - 2023-11-09T06:54:01.230Z - [WATCHER]: Processing file changes in outputs
[NX Daemon Server] - 2023-11-09T06:54:01.281Z - [WATCHER]: Processing file changes in outputs
[NX Daemon Server] - 2023-11-09T06:54:01.333Z - [WATCHER]: Processing file changes in outputs
[NX Daemon Server] - 2023-11-09T06:54:01.384Z - [WATCHER]: Processing file changes in outputs
[NX Daemon Server] - 2023-11-09T06:54:01.435Z - [WATCHER]: Processing file changes in outputs
[NX Daemon Server] - 2023-11-09T06:54:01.487Z - [WATCHER]: Processing file changes in outputs
[NX Daemon Server] - 2023-11-09T06:54:01.538Z - [WATCHER]: Processing file changes in outputs
[NX Daemon Server] - 2023-11-09T06:54:01.589Z - [WATCHER]: Processing file changes in outputs
[NX Daemon Server] - 2023-11-09T06:54:01.640Z - [WATCHER]: Processing file changes in outputs
[NX Daemon Server] - 2023-11-09T06:54:01.691Z - [WATCHER]: Processing file changes in outputs
[NX Daemon Server] - 2023-11-09T06:54:01.742Z - [WATCHER]: Processing file changes in outputs
[NX Daemon Server] - 2023-11-09T06:54:01.794Z - [WATCHER]: Processing file changes in outputs
[NX Daemon Server] - 2023-11-09T06:54:01.845Z - [WATCHER]: Processing file changes in outputs
[NX Daemon Server] - 2023-11-09T06:54:01.897Z - [WATCHER]: Processing file changes in outputs
[NX Daemon Server] - 2023-11-09T06:54:01.948Z - [WATCHER]: Processing file changes in outputs
[NX Daemon Server] - 2023-11-09T06:54:01.998Z - [WATCHER]: Processing file changes in outputs
[NX Daemon Server] - 2023-11-09T06:54:02.050Z - [WATCHER]: Processing file changes in outputs
[NX Daemon Server] - 2023-11-09T06:54:02.101Z - [WATCHER]: Processing file changes in outputs
[NX Daemon Server] - 2023-11-09T06:54:02.153Z - [WATCHER]: Processing file changes in outputs
[NX Daemon Server] - 2023-11-09T06:54:02.204Z - [WATCHER]: Processing file changes in outputs
[NX Daemon Server] - 2023-11-09T06:54:02.256Z - [WATCHER]: Processing file changes in outputs
[NX Daemon Server] - 2023-11-09T06:54:02.307Z - [WATCHER]: Processing file changes in outputs
[NX Daemon Server] - 2023-11-09T06:54:02.359Z - [WATCHER]: Processing file changes in outputs
[NX Daemon Server] - 2023-11-09T06:54:02.410Z - [WATCHER]: Processing file changes in outputs
[NX Daemon Server] - 2023-11-09T06:54:02.462Z - [WATCHER]: Processing file changes in outputs
[NX Daemon Server] - 2023-11-09T06:54:02.513Z - [WATCHER]: Processing file changes in outputs
[NX Daemon Server] - 2023-11-09T06:54:02.565Z - [WATCHER]: Processing file changes in outputs
[NX Daemon Server] - 2023-11-09T06:54:02.617Z - [WATCHER]: Processing file changes in outputs
[NX Daemon Server] - 2023-11-09T06:54:02.668Z - [WATCHER]: Processing file changes in outputs
[NX Daemon Server] - 2023-11-09T06:54:02.720Z - [WATCHER]: Processing file changes in outputs
[NX Daemon Server] - 2023-11-09T06:54:02.771Z - [WATCHER]: Processing file changes in outputs
[NX Daemon Server] - 2023-11-09T06:54:02.823Z - [WATCHER]: Processing file changes in outputs
[NX Daemon Server] - 2023-11-09T06:54:02.874Z - [WATCHER]: Processing file changes in outputs
[NX Daemon Server] - 2023-11-09T06:54:02.925Z - [WATCHER]: Processing file changes in outputs
[NX Daemon Server] - 2023-11-09T06:54:02.977Z - [WATCHER]: Processing file changes in outputs
[NX Daemon Server] - 2023-11-09T06:54:03.028Z - [WATCHER]: Processing file changes in outputs
[NX Daemon Server] - 2023-11-09T06:54:03.080Z - [WATCHER]: Processing file changes in outputs
[NX Daemon Server] - 2023-11-09T06:54:03.131Z - [WATCHER]: Processing file changes in outputs
[NX Daemon Server] - 2023-11-09T06:54:03.183Z - [WATCHER]: Processing file changes in outputs
[NX Daemon Server] - 2023-11-09T06:54:03.234Z - [WATCHER]: Processing file changes in outputs
[NX Daemon Server] - 2023-11-09T06:54:03.285Z - [WATCHER]: Processing file changes in outputs
[NX Daemon Server] - 2023-11-09T06:54:03.337Z - [WATCHER]: Processing file changes in outputs
[NX Daemon Server] - 2023-11-09T06:54:03.389Z - [WATCHER]: Processing file changes in outputs
[NX Daemon Server] - 2023-11-09T06:54:03.440Z - [WATCHER]: Processing file changes in outputs
[NX Daemon Server] - 2023-11-09T06:54:03.492Z - [WATCHER]: Processing file changes in outputs
[NX Daemon Server] - 2023-11-09T06:54:03.543Z - [WATCHER]: Processing file changes in outputs
[NX Daemon Server] - 2023-11-09T06:54:03.595Z - [WATCHER]: Processing file changes in outputs
[NX Daemon Server] - 2023-11-09T06:54:03.646Z - [WATCHER]: Processing file changes in outputs
[NX Daemon Server] - 2023-11-09T06:54:03.698Z - [WATCHER]: Processing file changes in outputs
[NX Daemon Server] - 2023-11-09T06:54:03.749Z - [WATCHER]: Processing file changes in outputs
[NX Daemon Server] - 2023-11-09T06:54:03.800Z - [WATCHER]: Processing file changes in outputs
[NX Daemon Server] - 2023-11-09T06:54:03.852Z - [WATCHER]: Processing file changes in outputs
[NX Daemon Server] - 2023-11-09T06:54:03.903Z - [WATCHER]: Processing file changes in outputs
[NX Daemon Server] - 2023-11-09T06:54:03.955Z - [WATCHER]: Processing file changes in outputs
[NX Daemon Server] - 2023-11-09T06:54:04.005Z - [WATCHER]: Processing file changes in outputs
[NX Daemon Server] - 2023-11-09T06:54:04.057Z - [WATCHER]: Processing file changes in outputs
[NX Daemon Server] - 2023-11-09T06:54:04.108Z - [WATCHER]: Processing file changes in outputs
[NX Daemon Server] - 2023-11-09T06:54:04.160Z - [WATCHER]: Processing file changes in outputs
[NX Daemon Server] - 2023-11-09T06:54:04.212Z - [WATCHER]: Processing file changes in outputs
[NX Daemon Server] - 2023-11-09T06:54:04.263Z - [WATCHER]: Processing file changes in outputs
[NX Daemon Server] - 2023-11-09T06:54:04.315Z - [WATCHER]: Processing file changes in outputs
[NX Daemon Server] - 2023-11-09T06:54:04.366Z - [WATCHER]: Processing file changes in outputs
[NX Daemon Server] - 2023-11-09T06:54:04.416Z - [WATCHER]: Processing file changes in outputs
[NX Daemon Server] - 2023-11-09T06:54:04.468Z - [WATCHER]: Processing file changes in outputs
[NX Daemon Server] - 2023-11-09T06:54:04.520Z - [WATCHER]: Processing file changes in outputs
[NX Daemon Server] - 2023-11-09T06:54:04.571Z - [WATCHER]: Processing file changes in outputs
[NX Daemon Server] - 2023-11-09T06:54:04.623Z - [WATCHER]: Processing file changes in outputs
[NX Daemon Server] - 2023-11-09T06:54:04.674Z - [WATCHER]: Processing file changes in outputs
[NX Daemon Server] - 2023-11-09T06:54:04.726Z - [WATCHER]: Processing file changes in outputs
[NX Daemon Server] - 2023-11-09T06:54:04.777Z - [WATCHER]: Processing file changes in outputs
[NX Daemon Server] - 2023-11-09T06:54:04.829Z - [WATCHER]: Processing file changes in outputs
[NX Daemon Server] - 2023-11-09T06:54:04.880Z - [WATCHER]: Processing file changes in outputs
[NX Daemon Server] - 2023-11-09T06:54:04.932Z - [WATCHER]: Processing file changes in outputs
[NX Daemon Server] - 2023-11-09T06:54:04.983Z - [WATCHER]: Processing file changes in outputs
[NX Daemon Server] - 2023-11-09T06:54:05.035Z - [WATCHER]: Processing file changes in outputs
[NX Daemon Server] - 2023-11-09T06:54:05.086Z - [WATCHER]: Processing file changes in outputs
[NX Daemon Server] - 2023-11-09T06:54:05.137Z - [WATCHER]: Processing file changes in outputs
[NX Daemon Server] - 2023-11-09T06:54:05.189Z - [WATCHER]: Processing file changes in outputs
[NX Daemon Server] - 2023-11-09T06:54:05.240Z - [WATCHER]: Processing file changes in outputs
[NX Daemon Server] - 2023-11-09T06:54:05.292Z - [WATCHER]: Processing file changes in outputs
[NX Daemon Server] - 2023-11-09T06:54:05.343Z - [WATCHER]: Processing file changes in outputs
[NX Daemon Server] - 2023-11-09T06:54:05.395Z - [WATCHER]: Processing file changes in outputs
[NX Daemon Server] - 2023-11-09T06:54:05.446Z - [WATCHER]: Processing file changes in outputs
[NX Daemon Server] - 2023-11-09T06:54:05.498Z - [WATCHER]: Processing file changes in outputs
[NX Daemon Server] - 2023-11-09T06:54:05.549Z - [WATCHER]: Processing file changes in outputs
[NX Daemon Server] - 2023-11-09T06:54:05.601Z - [WATCHER]: Processing file changes in outputs
[NX Daemon Server] - 2023-11-09T06:54:05.652Z - [WATCHER]: Processing file changes in outputs
[NX Daemon Server] - 2023-11-09T06:54:05.702Z - [WATCHER]: Processing file changes in outputs
[NX Daemon Server] - 2023-11-09T06:54:05.754Z - [WATCHER]: Processing file changes in outputs
[NX Daemon Server] - 2023-11-09T06:54:05.804Z - [WATCHER]: Processing file changes in outputs
[NX Daemon Server] - 2023-11-09T06:54:05.856Z - [WATCHER]: Processing file changes in outputs
[NX Daemon Server] - 2023-11-09T06:54:05.907Z - [WATCHER]: Processing file changes in outputs
[NX Daemon Server] - 2023-11-09T06:54:05.959Z - [WATCHER]: Processing file changes in outputs
[NX Daemon Server] - 2023-11-09T06:54:06.010Z - [WATCHER]: Processing file changes in outputs
[NX Daemon Server] - 2023-11-09T06:54:06.060Z - [WATCHER]: Processing file changes in outputs
[NX Daemon Server] - 2023-11-09T06:54:06.112Z - [WATCHER]: Processing file changes in outputs
[NX Daemon Server] - 2023-11-09T06:54:06.163Z - [WATCHER]: Processing file changes in outputs
[NX Daemon Server] - 2023-11-09T06:54:06.215Z - [WATCHER]: Processing file changes in outputs
[NX Daemon Server] - 2023-11-09T06:54:06.266Z - [WATCHER]: Processing file changes in outputs
[NX Daemon Server] - 2023-11-09T06:54:06.318Z - [WATCHER]: Processing file changes in outputs
[NX Daemon Server] - 2023-11-09T06:54:06.369Z - [WATCHER]: Processing file changes in outputs
[NX Daemon Server] - 2023-11-09T06:54:06.421Z - [WATCHER]: Processing file changes in outputs
[NX Daemon Server] - 2023-11-09T06:54:06.472Z - [WATCHER]: Processing file changes in outputs
[NX Daemon Server] - 2023-11-09T06:54:06.524Z - [WATCHER]: Processing file changes in outputs
[NX Daemon Server] - 2023-11-09T06:54:06.575Z - [WATCHER]: Processing file changes in outputs
[NX Daemon Server] - 2023-11-09T06:54:06.627Z - [WATCHER]: Processing file changes in outputs
[NX Daemon Server] - 2023-11-09T06:54:06.678Z - [WATCHER]: Processing file changes in outputs
[NX Daemon Server] - 2023-11-09T06:54:06.730Z - [WATCHER]: Processing file changes in outputs
[NX Daemon Server] - 2023-11-09T06:54:06.781Z - [WATCHER]: Processing file changes in outputs
[NX Daemon Server] - 2023-11-09T06:54:06.833Z - [WATCHER]: Processing file changes in outputs
[NX Daemon Server] - 2023-11-09T06:54:06.884Z - [WATCHER]: Processing file changes in outputs
[NX Daemon Server] - 2023-11-09T06:54:06.935Z - [WATCHER]: Processing file changes in outputs
[NX Daemon Server] - 2023-11-09T06:54:06.987Z - [WATCHER]: Processing file changes in outputs
[NX Daemon Server] - 2023-11-09T06:54:07.038Z - [WATCHER]: Processing file changes in outputs
[NX Daemon Server] - 2023-11-09T06:54:07.090Z - [WATCHER]: Processing file changes in outputs
[NX Daemon Server] - 2023-11-09T06:54:07.141Z - [WATCHER]: Processing file changes in outputs
[NX Daemon Server] - 2023-11-09T06:54:07.192Z - [WATCHER]: Processing file changes in outputs
[NX Daemon Server] - 2023-11-09T06:54:07.244Z - [WATCHER]: Processing file changes in outputs
[NX Daemon Server] - 2023-11-09T06:54:07.295Z - [WATCHER]: Processing file changes in outputs
[NX Daemon Server] - 2023-11-09T06:54:07.346Z - [WATCHER]: Processing file changes in outputs
[NX Daemon Server] - 2023-11-09T06:54:07.398Z - [WATCHER]: Processing file changes in outputs
[NX Daemon Server] - 2023-11-09T06:54:07.449Z - [WATCHER]: Processing file changes in outputs
[NX Daemon Server] - 2023-11-09T06:54:07.501Z - [WATCHER]: Processing file changes in outputs
[NX Daemon Server] - 2023-11-09T06:54:07.552Z - [WATCHER]: Processing file changes in outputs
[NX Daemon Server] - 2023-11-09T06:54:07.604Z - [WATCHER]: Processing file changes in outputs
[NX Daemon Server] - 2023-11-09T06:54:07.655Z - [WATCHER]: Processing file changes in outputs
[NX Daemon Server] - 2023-11-09T06:54:07.706Z - [WATCHER]: Processing file changes in outputs
[NX Daemon Server] - 2023-11-09T06:54:07.758Z - [WATCHER]: Processing file changes in outputs
[NX Daemon Server] - 2023-11-09T06:54:07.809Z - [WATCHER]: Processing file changes in outputs
[NX Daemon Server] - 2023-11-09T06:54:07.861Z - [WATCHER]: Processing file changes in outputs
[NX Daemon Server] - 2023-11-09T06:54:07.912Z - [WATCHER]: Processing file changes in outputs
[NX Daemon Server] - 2023-11-09T06:54:07.964Z - [WATCHER]: Processing file changes in outputs
[NX Daemon Server] - 2023-11-09T06:54:08.015Z - [WATCHER]: Processing file changes in outputs
[NX Daemon Server] - 2023-11-09T06:54:08.067Z - [WATCHER]: Processing file changes in outputs
[NX Daemon Server] - 2023-11-09T06:54:08.118Z - [WATCHER]: Processing file changes in outputs
[NX Daemon Server] - 2023-11-09T06:54:08.170Z - [WATCHER]: Processing file changes in outputs
[NX Daemon Server] - 2023-11-09T06:54:08.221Z - [WATCHER]: Processing file changes in outputs
[NX Daemon Server] - 2023-11-09T06:54:08.273Z - [WATCHER]: Processing file changes in outputs
[NX Daemon Server] - 2023-11-09T06:54:08.324Z - [WATCHER]: Processing file changes in outputs
[NX Daemon Server] - 2023-11-09T06:54:08.376Z - [WATCHER]: Processing file changes in outputs
[NX Daemon Server] - 2023-11-09T06:54:08.427Z - [WATCHER]: Processing file changes in outputs
[NX Daemon Server] - 2023-11-09T06:54:08.479Z - [WATCHER]: Processing file changes in outputs
[NX Daemon Server] - 2023-11-09T06:54:08.530Z - [WATCHER]: Processing file changes in outputs
[NX Daemon Server] - 2023-11-09T06:54:08.582Z - [WATCHER]: Processing file changes in outputs
[NX Daemon Server] - 2023-11-09T06:54:08.633Z - [WATCHER]: Processing file changes in outputs
[NX Daemon Server] - 2023-11-09T06:54:08.685Z - [WATCHER]: Processing file changes in outputs
[NX Daemon Server] - 2023-11-09T06:54:08.736Z - [WATCHER]: Processing file changes in outputs
[NX Daemon Server] - 2023-11-09T06:54:08.788Z - [WATCHER]: Processing file changes in outputs
[NX Daemon Server] - 2023-11-09T06:54:08.840Z - [WATCHER]: Processing file changes in outputs
[NX Daemon Server] - 2023-11-09T06:54:08.891Z - [WATCHER]: Processing file changes in outputs
[NX Daemon Server] - 2023-11-09T06:54:08.943Z - [WATCHER]: Processing file changes in outputs
[NX Daemon Server] - 2023-11-09T06:54:08.994Z - [WATCHER]: Processing file changes in outputs
[NX Daemon Server] - 2023-11-09T06:54:09.046Z - [WATCHER]: Processing file changes in outputs
[NX Daemon Server] - 2023-11-09T06:54:09.097Z - [WATCHER]: Processing file changes in outputs
[NX Daemon Server] - 2023-11-09T06:54:09.149Z - [WATCHER]: Processing file changes in outputs
[NX Daemon Server] - 2023-11-09T06:54:09.200Z - [WATCHER]: Processing file changes in outputs
[NX Daemon Server] - 2023-11-09T06:54:09.252Z - [WATCHER]: Processing file changes in outputs
[NX Daemon Server] - 2023-11-09T06:54:09.303Z - [WATCHER]: Processing file changes in outputs
[NX Daemon Server] - 2023-11-09T06:54:09.355Z - [WATCHER]: Processing file changes in outputs
[NX Daemon Server] - 2023-11-09T06:54:09.405Z - [WATCHER]: Processing file changes in outputs
[NX Daemon Server] - 2023-11-09T06:54:09.457Z - [WATCHER]: Processing file changes in outputs
[NX Daemon Server] - 2023-11-09T06:54:09.509Z - [WATCHER]: Processing file changes in outputs
[NX Daemon Server] - 2023-11-09T06:54:09.560Z - [WATCHER]: Processing file changes in outputs
[NX Daemon Server] - 2023-11-09T06:54:09.612Z - [WATCHER]: Processing file changes in outputs
[NX Daemon Server] - 2023-11-09T06:54:09.663Z - [WATCHER]: Processing file changes in outputs
[NX Daemon Server] - 2023-11-09T06:54:09.715Z - [WATCHER]: Processing file changes in outputs
[NX Daemon Server] - 2023-11-09T06:54:09.766Z - [WATCHER]: Processing file changes in outputs
[NX Daemon Server] - 2023-11-09T06:54:09.818Z - [WATCHER]: Processing file changes in outputs
[NX Daemon Server] - 2023-11-09T06:54:09.869Z - [WATCHER]: Processing file changes in outputs
[NX Daemon Server] - 2023-11-09T06:54:09.923Z - [WATCHER]: Processing file changes in outputs
[NX Daemon Server] - 2023-11-09T06:54:09.925Z - [WATCHER]: Stopping the watcher for /home/mitch/mitchs-website-analog (sources)
[NX Daemon Server] - 2023-11-13T06:52:53.796Z - Started listening on: /tmp/647c8209db067fac6464/d.sock
[NX Daemon Server] - 2023-11-13T06:52:53.800Z - [WATCHER]: Subscribed to changes within: /home/mitch/mitchs-website-analog (native)
[NX Daemon Server] - 2023-11-13T06:52:53.802Z - Established a connection. Number of open connections: 1
[NX Daemon Server] - 2023-11-13T06:52:53.803Z - Established a connection. Number of open connections: 2
[NX Daemon Server] - 2023-11-13T06:52:53.805Z - [REQUEST]: Client Request for Project Graph Received
[NX Daemon Server] - 2023-11-13T06:52:53.861Z - [REQUEST]: Updated file-hasher based on watched changes, recomputing project graph...
[NX Daemon Server] - 2023-11-13T06:52:53.861Z - [REQUEST]: 
[NX Daemon Server] - 2023-11-13T06:52:53.861Z - [REQUEST]: 
[NX Daemon Server] - 2023-11-13T06:52:54.002Z - [REQUEST]: Responding to the client. project-graph
[NX Daemon Server] - 2023-11-13T06:52:54.004Z - Time taken for 'total for creating and serializing project graph' 196.74259799718857ms
[NX Daemon Server] - 2023-11-13T06:52:54.004Z - Closed a connection. Number of open connections: 1
[NX Daemon Server] - 2023-11-13T06:52:54.005Z - Done responding to the client project-graph
[NX Daemon Server] - 2023-11-13T06:52:54.005Z - Handled REQUEST_PROJECT_GRAPH. Handling time: 197. Response time: 3.
[NX Daemon Server] - 2023-11-13T06:52:54.115Z - [REQUEST]: Responding to the client. handleHashTasks
[NX Daemon Server] - 2023-11-13T06:52:54.115Z - Done responding to the client handleHashTasks
[NX Daemon Server] - 2023-11-13T06:52:54.115Z - Handled HASH_TASKS. Handling time: 42. Response time: 0.
[NX Daemon Server] - 2023-11-13T06:52:56.112Z - [WATCHER]: Processing file changes in outputs
[NX Daemon Server] - 2023-11-13T06:52:58.723Z - [WATCHER]: Processing file changes in outputs
[NX Daemon Server] - 2023-11-13T06:53:43.185Z - [WATCHER]: apps/mitchs-website/src/app/shared/media-scroller/media-scroller.component.html was modified
[NX Daemon Server] - 2023-11-13T06:53:43.186Z - [WATCHER]: Processing file changes in outputs
[NX Daemon Server] - 2023-11-13T06:53:43.301Z - [REQUEST]: Updated file-hasher based on watched changes, recomputing project graph...
[NX Daemon Server] - 2023-11-13T06:53:43.302Z - [REQUEST]: apps/mitchs-website/src/app/shared/media-scroller/media-scroller.component.html
[NX Daemon Server] - 2023-11-13T06:53:43.302Z - [REQUEST]: 
[NX Daemon Server] - 2023-11-13T06:53:43.381Z - Time taken for 'hash changed files from watcher' 0.2449989914894104ms
